cd /workdir/TBar_vul4j_codehaus-plexus_plexus-archiver_VUL4J-41;
export JAVA_TOOL_OPTIONS="-Dfile.encoding=UTF8 -Duser.language=en-US -Duser.country=US -Duser.language=en";
TZ="America/New_York"; export TZ;
export PATH="/usr/lib/jvm/java-8-openjdk-amd64/bin:$PATH";
export JAVA_HOME="/usr/lib/jvm/java-8-openjdk-amd64";
timeout 240m java -Xmx4g -Xms1g -XX:MaxPermSize=512m \
    -cp /script/../libs/tbar_external/com.gzoltar-0.1.1-jdk7.jar:/script/../repair_tools/tbar.jar edu.lu.uni.serval.tbar.main.Main \
    "/workdir/TBar_vul4j_codehaus-plexus_plexus-archiver_VUL4J-41" "org.codehaus.plexus.archiver.zip.ZipUnArchiverTest#testExtractingZipWithEntryOutsideDestDirThrowsException" "/src/main/java/" "/src/test/java/" "/target/classes/" "/target/test-classes/" "/script/../data/benchmarks/vul4j/perfectfl/VUL4J-41/spectra.txt" "mvn test -Dtest=org.codehaus.plexus.archiver.zip.ZipUnArchiverTest#testExtractingZipWithEntryOutsideDestDirThrowsException -Dhttps.protocols=TLSv1.2 -Denforcer.skip=true -Dcheckstyle.skip=true -Dcobertura.skip=true -DskipITs=true -Drat.skip=true -Dlicense.skip=true -Dpmd.skip=true -Dfindbugs.skip=true -Dgpg.skip=true -Dskip.npm=true -Dskip.gulp=true -Dskip.bower=true -Danimal.sniffer.skip=true -V -B" "mvn test -Dhttps.protocols=TLSv1.2 -Denforcer.skip=true -Dcheckstyle.skip=true -Dcobertura.skip=true -DskipITs=true -Drat.skip=true -Dlicense.skip=true -Dpmd.skip=true -Dfindbugs.skip=true -Dgpg.skip=true -Dskip.npm=true -Dskip.gulp=true -Dskip.bower=true -Danimal.sniffer.skip=true -V -B" "/root/.m2/repository/commons-io/commons-io/2.6/commons-io-2.6.jar:/root/.m2/repository/org/codehaus/plexus/plexus-classworlds/1.2-alpha-9/plexus-classworlds-1.2-alpha-9.jar:/root/.m2/repository/org/codehaus/plexus/plexus-io/3.0.1/plexus-io-3.0.1.jar:/root/.m2/repository/org/tukaani/xz/1.8/xz-1.8.jar:/root/.m2/repository/org/iq80/snappy/snappy/0.4/snappy-0.4.jar:/root/.m2/repository/junit/junit/4.12/junit-4.12.jar:/root/.m2/repository/org/codehaus/plexus/plexus-container-default/1.0-alpha-30/plexus-container-default-1.0-alpha-30.jar:/root/.m2/repository/org/codehaus/plexus/plexus-utils/3.1.0/plexus-utils-3.1.0.jar:/root/.m2/repository/org/apache/commons/commons-compress/1.16.1/commons-compress-1.16.1.jar:/root/.m2/repository/org/objenesis/objenesis/2.6/objenesis-2.6.jar:/root/.m2/repository/com/google/code/findbugs/jsr305/3.0.2/jsr305-3.0.2.jar:/root/.m2/repository/org/hamcrest/hamcrest-core/1.3/hamcrest-core-1.3.jar";
echo "\n\nNode: `hostname`\n";
echo "\n\nDate: `date`\n";
Picked up JAVA_TOOL_OPTIONS: -Dfile.encoding=UTF8 -Duser.language=en-US -Duser.country=US -Duser.language=en
OpenJDK 64-Bit Server VM warning: ignoring option MaxPermSize=512m; support was removed in 8.0
08:45:52,914 |-INFO in ch.qos.logback.classic.LoggerContext[TBar] - Could NOT find resource [logback-test.xml]
08:45:52,914 |-INFO in ch.qos.logback.classic.LoggerContext[TBar] - Could NOT find resource [logback.groovy]
08:45:52,914 |-INFO in ch.qos.logback.classic.LoggerContext[TBar] - Found resource [logback.xml] at [jar:file:/repair_tools/tbar.jar!/logback.xml]
08:45:52,925 |-INFO in ch.qos.logback.core.joran.spi.ConfigurationWatchList@5a42bbf4 - URL [jar:file:/repair_tools/tbar.jar!/logback.xml] is not of type file
08:45:52,980 |-INFO in ch.qos.logback.classic.joran.action.ConfigurationAction - debug attribute not set
08:45:52,982 |-INFO in ch.qos.logback.classic.joran.action.ContextNameAction - Setting logger context name as [TBar]
08:45:52,982 |-INFO in ch.qos.logback.core.joran.action.AppenderAction - About to instantiate appender of type [ch.qos.logback.core.ConsoleAppender]
08:45:52,985 |-INFO in ch.qos.logback.core.joran.action.AppenderAction - Naming appender as [STDOUT]
08:45:53,023 |-INFO in ch.qos.logback.classic.joran.action.LoggerAction - Setting level of logger [org.hibernate.engine.query.HQLQueryPlan] to DEBUG
08:45:53,023 |-INFO in ch.qos.logback.classic.joran.action.LoggerAction - Setting additivity of logger [org.hibernate.engine.query.HQLQueryPlan] to false
08:45:53,023 |-INFO in ch.qos.logback.classic.joran.action.LoggerAction - Setting level of logger [com.piedra.logback] to DEBUG
08:45:53,023 |-ERROR in ch.qos.logback.core.joran.action.AppenderRefAction - Could not find an appender named [FILE]. Did you define it below instead of above in the configuration file?
08:45:53,023 |-ERROR in ch.qos.logback.core.joran.action.AppenderRefAction - See http://logback.qos.ch/codes.html#appender_order for more details.
08:45:53,023 |-INFO in ch.qos.logback.classic.joran.action.RootLoggerAction - Setting level of ROOT logger to DEBUG
08:45:53,024 |-INFO in ch.qos.logback.core.joran.action.AppenderRefAction - Attaching appender named [STDOUT] to Logger[ROOT]
08:45:53,024 |-ERROR in ch.qos.logback.core.joran.action.AppenderRefAction - Could not find an appender named [ROLLINGFILE]. Did you define it below instead of above in the configuration file?
08:45:53,024 |-ERROR in ch.qos.logback.core.joran.action.AppenderRefAction - See http://logback.qos.ch/codes.html#appender_order for more details.
08:45:53,024 |-INFO in ch.qos.logback.classic.joran.action.ConfigurationAction - End of configuration.
08:45:53,026 |-INFO in ch.qos.logback.classic.joran.JoranConfigurator@270421f5 - Registering current configuration as safe fallback point

java.lang.ClassNotFoundException: java-src.com.example.app.Main
	at java.net.URLClassLoader.findClass(URLClassLoader.java:387)
	at java.lang.ClassLoader.loadClass(ClassLoader.java:418)
	at java.lang.ClassLoader.loadClass(ClassLoader.java:351)
	at java.lang.Class.forName0(Native Method)
	at java.lang.Class.forName(Class.java:348)
	at edu.lu.uni.serval.tbar.dataprepare.TestFinder.process(TestFinder.java:50)
	at edu.lu.uni.serval.tbar.dataprepare.TestClassesFinder.call(TestClassesFinder.java:22)
	at edu.lu.uni.serval.tbar.dataprepare.TestClassesFinder.call(TestClassesFinder.java:14)
	at java.util.concurrent.FutureTask.run(FutureTask.java:266)
	at java.util.concurrent.ThreadPoolExecutor.runWorker(ThreadPoolExecutor.java:1149)
	at java.util.concurrent.ThreadPoolExecutor$Worker.run(ThreadPoolExecutor.java:624)
	at java.lang.Thread.run(Thread.java:750)
java.lang.ClassNotFoundException: java-src.module-info
	at java.net.URLClassLoader.findClass(URLClassLoader.java:387)
	at java.lang.ClassLoader.loadClass(ClassLoader.java:418)
	at java.lang.ClassLoader.loadClass(ClassLoader.java:351)
	at java.lang.Class.forName0(Native Method)
	at java.lang.Class.forName(Class.java:348)
	at edu.lu.uni.serval.tbar.dataprepare.TestFinder.process(TestFinder.java:50)
	at edu.lu.uni.serval.tbar.dataprepare.TestClassesFinder.call(TestClassesFinder.java:22)
	at edu.lu.uni.serval.tbar.dataprepare.TestClassesFinder.call(TestClassesFinder.java:14)
	at java.util.concurrent.FutureTask.run(FutureTask.java:266)
	at java.util.concurrent.ThreadPoolExecutor.runWorker(ThreadPoolExecutor.java:1149)
	at java.util.concurrent.ThreadPoolExecutor$Worker.run(ThreadPoolExecutor.java:624)
	at java.lang.Thread.run(Thread.java:750)
Exception in thread "main" java.lang.RuntimeException: java.util.concurrent.ExecutionException: java.lang.UnsupportedClassVersionError: java-module-descriptor/module-info has been compiled by a more recent version of the Java Runtime (class file version 53.0), this version of the Java Runtime only recognizes class file versions up to 52.0
	at edu.lu.uni.serval.tbar.dataprepare.TestClassesFinder.findIn(TestClassesFinder.java:47)
	at edu.lu.uni.serval.tbar.dataprepare.TestClassesFinder.findIn(TestClassesFinder.java:76)
	at edu.lu.uni.serval.tbar.dataprepare.DataPreparer.loadTestCases(DataPreparer.java:131)
	at edu.lu.uni.serval.tbar.dataprepare.DataPreparer.prepareData(DataPreparer.java:51)
	at edu.lu.uni.serval.tbar.AbstractFixer.<init>(AbstractFixer.java:102)
	at edu.lu.uni.serval.tbar.TBarFixer.<init>(TBarFixer.java:58)
	at edu.lu.uni.serval.tbar.main.Main.main(Main.java:66)
Caused by: java.util.concurrent.ExecutionException: java.lang.UnsupportedClassVersionError: java-module-descriptor/module-info has been compiled by a more recent version of the Java Runtime (class file version 53.0), this version of the Java Runtime only recognizes class file versions up to 52.0
	at java.util.concurrent.FutureTask.report(FutureTask.java:122)
	at java.util.concurrent.FutureTask.get(FutureTask.java:192)
	at edu.lu.uni.serval.tbar.dataprepare.TestClassesFinder.findIn(TestClassesFinder.java:42)
	... 6 more
Caused by: java.lang.UnsupportedClassVersionError: java-module-descriptor/module-info has been compiled by a more recent version of the Java Runtime (class file version 53.0), this version of the Java Runtime only recognizes class file versions up to 52.0
	at java.lang.ClassLoader.defineClass1(Native Method)
	at java.lang.ClassLoader.defineClass(ClassLoader.java:756)
	at java.security.SecureClassLoader.defineClass(SecureClassLoader.java:142)
	at java.net.URLClassLoader.defineClass(URLClassLoader.java:473)
	at java.net.URLClassLoader.access$100(URLClassLoader.java:74)
	at java.net.URLClassLoader$1.run(URLClassLoader.java:369)
	at java.net.URLClassLoader$1.run(URLClassLoader.java:363)
	at java.security.AccessController.doPrivileged(Native Method)
	at java.net.URLClassLoader.findClass(URLClassLoader.java:362)
	at java.lang.ClassLoader.loadClass(ClassLoader.java:418)
	at java.lang.ClassLoader.loadClass(ClassLoader.java:351)
	at java.lang.Class.forName0(Native Method)
	at java.lang.Class.forName(Class.java:348)
	at edu.lu.uni.serval.tbar.dataprepare.TestFinder.process(TestFinder.java:50)
	at edu.lu.uni.serval.tbar.dataprepare.TestClassesFinder.call(TestClassesFinder.java:22)
	at edu.lu.uni.serval.tbar.dataprepare.TestClassesFinder.call(TestClassesFinder.java:14)
	at java.util.concurrent.FutureTask.run(FutureTask.java:266)
	at java.util.concurrent.ThreadPoolExecutor.runWorker(ThreadPoolExecutor.java:1149)
	at java.util.concurrent.ThreadPoolExecutor$Worker.run(ThreadPoolExecutor.java:624)
	at java.lang.Thread.run(Thread.java:750)


Node: ee2bf67284b9



Date: Wed Sep 14 08:45:53 EDT 2022

