{
  "benchmark": "vul4j",
  "vul_id": "VUL4J-57",
  "repository": {
    "name": "jenkinsci_pipeline-build-step-plugin"
  }, 
  "tests": {
    "failures": [
      {
        "detail": "unexpected build status; build log was:\n------\nStarted\n[Pipeline] build (Building ds)\nScheduling project: ds\nStarting building: ds #2\n[Pipeline] End of Pipeline\nFinished: SUCCESS\n\n------\n\nExpected: is <FAILURE>\n     but: was <SUCCESS>", 
        "failure_name": "java.lang.AssertionError",
        "is_error": false,
        "test_class": "org.jenkinsci.plugins.workflow.support.steps.build.BuildTriggerStepTest",
        "test_method": "permissions"
      }
    ], 
    "overall_metrics": {
      "number_error": 0,
      "number_failing": 1,
      "number_passing": 28,
      "number_running": 29,
      "number_skipping": 0
    }, 
    "passing_tests": [
      "org.jenkinsci.plugins.workflow.support.steps.build.BuildTriggerStepTest#buildParallelTests", 
      "org.jenkinsci.plugins.workflow.support.steps.build.BuildTriggerStepTest#triggerWorkflow", 
      "org.jenkinsci.plugins.workflow.support.steps.build.BuildTriggerStepTest#triggerOrgFolder", 
      "org.jenkinsci.plugins.workflow.support.steps.build.BuildTriggerStepConfigTest#configRoundTrip", 
      "org.jenkinsci.plugins.workflow.support.steps.build.BuildTriggerStepTest#defaultParameters", 
      "org.jenkinsci.plugins.workflow.support.steps.build.BuildTriggerStepConfigTest#helpWait", 
      "org.jvnet.hudson.test.PropertiesTestSuite$PropertiesTest#org/jenkinsci/plugins/workflow/support/steps/build/Messages.properties", 
      "org.jenkinsci.plugins.workflow.support.steps.build.BuildTriggerStepTest#buildVariables", 
      "org.jenkinsci.plugins.workflow.support.steps.build.BuildTriggerStepTest#failingBuild", 
      "org.jenkinsci.plugins.workflow.support.steps.build.BuildTriggerStepTest#buildFolderProject", 
      "org.jenkinsci.plugins.workflow.support.steps.build.BuildTriggerStepTest#abortBuild", 
      "org.jenkinsci.plugins.workflow.support.steps.build.BuildTriggerStepTest#interruptFlow", 
      "org.jenkinsci.plugins.workflow.support.steps.build.BuildTriggerStepTest#coalescedQueue", 
      "org.jvnet.hudson.test.PluginAutomaticTestBuilder$OtherTests#testCliSanity", 
      "org.jenkinsci.plugins.workflow.support.steps.build.BuildTriggerStepTest#noWait", 
      "org.jenkinsci.plugins.workflow.support.steps.build.BuildTriggerStepTest#cancelBuildQueue", 
      "org.jvnet.hudson.test.PluginAutomaticTestBuilder$OtherTests#testPluginActive", 
      "org.jenkinsci.plugins.workflow.support.steps.build.BuildTriggerStepTest#nonCoalescedQueueParallel", 
      "org.jenkinsci.plugins.workflow.support.steps.build.BuildTriggerStepTest#parameters", 
      "org.jenkinsci.plugins.workflow.support.steps.build.BuildTriggerStepTest#raceCondition", 
      "org.jvnet.hudson.test.JellyTestSuiteBuilder$JellyCheck#org/jenkinsci/plugins/workflow/support/steps/build/BuildTriggerStep/config.jelly", 
      "org.jenkinsci.plugins.workflow.support.steps.build.BuildTriggerStepTest#interruptFlowNonPropagate", 
      "org.jenkinsci.plugins.workflow.support.steps.build.BuildTriggerStepTest#buildVariablesWorkflow", 
      "org.jvnet.hudson.test.junit.FailedTest#org.jvnet.hudson.test.JellyTestSuiteBuilder$JellyTestSuite", 
      "org.jenkinsci.plugins.workflow.support.steps.build.BuildTriggerStepTest#buildTopLevelProject", 
      "org.jenkinsci.plugins.workflow.support.steps.build.BuildTriggerStepTest#interruptFlowDownstreamFlow", 
      "org.jvnet.hudson.test.JellyTestSuiteBuilder$JellyCheck#index.jelly", 
      "org.jenkinsci.plugins.workflow.support.steps.build.BuildTriggerStepTest#rejectedStart"
    ], 
    "skipping_tests": []
  }
}