cd /workdir/Cardumen_vul4j_codehaus-plexus_plexus-utils_VUL4J-42;
export JAVA_TOOL_OPTIONS="-Dfile.encoding=UTF8 -Duser.language=en-US -Duser.country=US -Duser.language=en";
TZ="America/New_York"; export TZ;
export PATH="/usr/lib/jvm/java-8-openjdk-amd64/bin:$PATH";
export JAVA_HOME="/usr/lib/jvm/java-8-openjdk-amd64/bin";
time java -Xmx4g -Xms1g -XX:MaxPermSize=512m -cp /script/../libs/jtestex7.jar:/script/../repair_tools/astor.jar fr.inria.main.evolution.AstorMain \
	-mode cardumen \
	-location . \
	-id codehaus-plexus_plexus-utils-VUL4J-42 \
	-failing org.codehaus.plexus.util.cli.CommandlineTest#testGetShellCommandLineBash:org.codehaus.plexus.util.cli.CommandlineTest#testGetShellCommandLineBash_WithWorkingDirectory:org.codehaus.plexus.util.cli.CommandlineTest#testGetShellCommandLineNonWindows:org.codehaus.plexus.util.cli.CommandlineTest#testGetShellCommandLineBash_WithSingleQuotedArg:org.codehaus.plexus.util.cli.CommandlineTest#testPathWithShellExpansionStrings:org.codehaus.plexus.util.cli.shell.BourneShellTest#testQuoteWorkingDirectoryAndExecutable:org.codehaus.plexus.util.cli.shell.BourneShellTest#testQuoteWorkingDirectoryAndExecutable_WDPathWithSingleQuotes:org.codehaus.plexus.util.cli.shell.BourneShellTest#testQuoteWorkingDirectoryAndExecutable_WDPathWithSingleQuotes_BackslashFileSep:org.codehaus.plexus.util.cli.shell.BourneShellTest#testPreserveSingleQuotesOnArgument:org.codehaus.plexus.util.cli.shell.BourneShellTest#testEscapeSingleQuotesOnArgument:org.codehaus.plexus.util.cli.shell.BourneShellTest#testArgumentsWithsemicolon:org.codehaus.plexus.util.cli.shell.BourneShellTest#testBourneShellQuotingCharacters \
	-jvm4testexecution /usr/lib/jvm/jdk1.7.0_80/bin \
	-jvm4evosuitetestexecution /usr/lib/jvm/jdk1.7.0_80/bin \
	-maxgen 1000000 \
	-maxtime 120 \
	-stopfirst true \
	-seed 0 \
	-scope local \
	-population 1 \
	-javacompliancelevel 7 \
	-faultlocalization perfect \
    -perfectdata /script/../data/benchmarks/vul4j/perfectfl/VUL4J-42 \
    -validation externalcmd \
    -testfailingcmd "mvn test -Dtest=org.codehaus.plexus.util.cli.CommandlineTest,org.codehaus.plexus.util.cli.shell.BourneShellTest -Dhttps.protocols=TLSv1.2 -Denforcer.skip=true -Dcheckstyle.skip=true -Dcobertura.skip=true -DskipITs=true -Drat.skip=true -Dlicense.skip=true -Dpmd.skip=true -Dfindbugs.skip=true -Dgpg.skip=true -Dskip.npm=true -Dskip.gulp=true -Dskip.bower=true -Danimal.sniffer.skip=true -V -B" \
    -testallcmd "mvn test -Dhttps.protocols=TLSv1.2 -Denforcer.skip=true -Dcheckstyle.skip=true -Dcobertura.skip=true -DskipITs=true -Drat.skip=true -Dlicense.skip=true -Dpmd.skip=true -Dfindbugs.skip=true -Dgpg.skip=true -Dskip.npm=true -Dskip.gulp=true -Dskip.bower=true -Danimal.sniffer.skip=true -V -B"  \ \
	-srcjavafolder src/main/java \
	-srctestfolder src/test/java \
	-binjavafolder target/classes \
	-bintestfolder target/test-classes \
	-parameters x:x:maxCombinationVariableLimit:true:maxVarCombination:1000:maxCombinationVariableLimit:true:maxVarCombination:1000:maxCombinationVariableLimit:true:maxVarCombination:1000:maxCombinationVariableLimit:true:maxVarCombination:1000:maxCombinationVariableLimit:true:maxVarCombination:1000:maxCombinationVariableLimit:true:maxVarCombination:1000:maxCombinationVariableLimit:true:maxVarCombination:1000:maxCombinationVariableLimit:true:maxVarCombination:1000:maxCombinationVariableLimit:true:maxVarCombination:1000:maxCombinationVariableLimit:true:maxVarCombination:1000:maxCombinationVariableLimit:true:maxVarCombination:1000:maxCombinationVariableLimit:true:maxVarCombination:1000:maxCombinationVariableLimit:true:maxVarCombination:1000:maxCombinationVariableLimit:true:maxVarCombination:1000:maxCombinationVariableLimit:true:maxVarCombination:1000:maxCombinationVariableLimit:true:maxVarCombination:1000:maxCombinationVariableLimit:true:maxVarCombination:1000:maxCombinationVariableLimit:true:maxVarCombination:1000:maxCombinationVariableLimit:true:maxVarCombination:1000:maxCombinationVariableLimit:true:maxVarCombination:1000:maxCombinationVariableLimit:true:maxVarCombination:1000:maxCombinationVariableLimit:true:maxVarCombination:1000:maxCombinationVariableLimit:true:maxVarCombination:1000:maxCombinationVariableLimit:true:maxVarCombination:1000:maxCombinationVariableLimit:true:maxVarCombination:1000:maxCombinationVariableLimit:true:maxVarCombination:1000:maxCombinationVariableLimit:true:maxVarCombination:1000:maxCombinationVariableLimit:true:maxVarCombination:1000:maxCombinationVariableLimit:true:maxVarCombination:1000:maxCombinationVariableLimit:true:maxVarCombination:1000:maxCombinationVariableLimit:true:maxVarCombination:1000:maxCombinationVariableLimit:true:maxVarCombination:1000 \
	-dependencies /root/.m2/repository/junit/junit/3.8.2/junit-3.8.2.jar;
	echo "\n\nNode: `hostname`\n";
	echo "\n\nDate: `date`\n";
Picked up JAVA_TOOL_OPTIONS: -Dfile.encoding=UTF8 -Duser.language=en-US -Duser.country=US -Duser.language=en
OpenJDK 64-Bit Server VM warning: ignoring option MaxPermSize=512m; support was removed in 8.0
[0] INFO ProjectConfiguration - Version of the JVM used: 1.7.0_80
[1] INFO main - Java version of the JDK used to run tests: 1.7.0_80
[1] INFO main - The compliance of the JVM is:  7
[7] INFO main - command line arguments: [-mode  cardumen  -location  .  -id  codehaus-plexus_plexus-utils-VUL4J-42  -failing  org.codehaus.plexus.util.cli.CommandlineTest#testGetShellCommandLineBash:org.codehaus.plexus.util.cli.CommandlineTest#testGetShellCommandLineBash_WithWorkingDirectory:org.codehaus.plexus.util.cli.CommandlineTest#testGetShellCommandLineNonWindows:org.codehaus.plexus.util.cli.CommandlineTest#testGetShellCommandLineBash_WithSingleQuotedArg:org.codehaus.plexus.util.cli.CommandlineTest#testPathWithShellExpansionStrings:org.codehaus.plexus.util.cli.shell.BourneShellTest#testQuoteWorkingDirectoryAndExecutable:org.codehaus.plexus.util.cli.shell.BourneShellTest#testQuoteWorkingDirectoryAndExecutable_WDPathWithSingleQuotes:org.codehaus.plexus.util.cli.shell.BourneShellTest#testQuoteWorkingDirectoryAndExecutable_WDPathWithSingleQuotes_BackslashFileSep:org.codehaus.plexus.util.cli.shell.BourneShellTest#testPreserveSingleQuotesOnArgument:org.codehaus.plexus.util.cli.shell.BourneShellTest#testEscapeSingleQuotesOnArgument:org.codehaus.plexus.util.cli.shell.BourneShellTest#testArgumentsWithsemicolon:org.codehaus.plexus.util.cli.shell.BourneShellTest#testBourneShellQuotingCharacters  -jvm4testexecution  /usr/lib/jvm/jdk1.7.0_80/bin  -jvm4evosuitetestexecution  /usr/lib/jvm/jdk1.7.0_80/bin  -maxgen  1000000  -maxtime  120  -stopfirst  true  -seed  0  -scope  local  -population  1  -javacompliancelevel  7  -faultlocalization  perfect  -perfectdata  /script/../data/benchmarks/vul4j/perfectfl/VUL4J-42  -validation  externalcmd  -testfailingcmd  mvn test -Dtest=org.codehaus.plexus.util.cli.CommandlineTest org.codehaus.plexus.util.cli.shell.BourneShellTest -Dhttps.protocols=TLSv1.2 -Denforcer.skip=true -Dcheckstyle.skip=true -Dcobertura.skip=true -DskipITs=true -Drat.skip=true -Dlicense.skip=true -Dpmd.skip=true -Dfindbugs.skip=true -Dgpg.skip=true -Dskip.npm=true -Dskip.gulp=true -Dskip.bower=true -Danimal.sniffer.skip=true -V -B  -testallcmd  mvn test -Dhttps.protocols=TLSv1.2 -Denforcer.skip=true -Dcheckstyle.skip=true -Dcobertura.skip=true -DskipITs=true -Drat.skip=true -Dlicense.skip=true -Dpmd.skip=true -Dfindbugs.skip=true -Dgpg.skip=true -Dskip.npm=true -Dskip.gulp=true -Dskip.bower=true -Danimal.sniffer.skip=true -V -B     -srcjavafolder  src/main/java  -srctestfolder  src/test/java  -binjavafolder  target/classes  -bintestfolder  target/test-classes  -parameters  x:x:maxCombinationVariableLimit:true:maxVarCombination:1000:maxCombinationVariableLimit:true:maxVarCombination:1000:maxCombinationVariableLimit:true:maxVarCombination:1000:maxCombinationVariableLimit:true:maxVarCombination:1000:maxCombinationVariableLimit:true:maxVarCombination:1000:maxCombinationVariableLimit:true:maxVarCombination:1000:maxCombinationVariableLimit:true:maxVarCombination:1000:maxCombinationVariableLimit:true:maxVarCombination:1000:maxCombinationVariableLimit:true:maxVarCombination:1000:maxCombinationVariableLimit:true:maxVarCombination:1000:maxCombinationVariableLimit:true:maxVarCombination:1000:maxCombinationVariableLimit:true:maxVarCombination:1000:maxCombinationVariableLimit:true:maxVarCombination:1000:maxCombinationVariableLimit:true:maxVarCombination:1000:maxCombinationVariableLimit:true:maxVarCombination:1000:maxCombinationVariableLimit:true:maxVarCombination:1000:maxCombinationVariableLimit:true:maxVarCombination:1000:maxCombinationVariableLimit:true:maxVarCombination:1000:maxCombinationVariableLimit:true:maxVarCombination:1000:maxCombinationVariableLimit:true:maxVarCombination:1000:maxCombinationVariableLimit:true:maxVarCombination:1000:maxCombinationVariableLimit:true:maxVarCombination:1000:maxCombinationVariableLimit:true:maxVarCombination:1000:maxCombinationVariableLimit:true:maxVarCombination:1000:maxCombinationVariableLimit:true:maxVarCombination:1000:maxCombinationVariableLimit:true:maxVarCombination:1000:maxCombinationVariableLimit:true:maxVarCombination:1000:maxCombinationVariableLimit:true:maxVarCombination:1000:maxCombinationVariableLimit:true:maxVarCombination:1000:maxCombinationVariableLimit:true:maxVarCombination:1000:maxCombinationVariableLimit:true:maxVarCombination:1000:maxCombinationVariableLimit:true:maxVarCombination:1000  -dependencies  /root/.m2/repository/junit/junit/3.8.2/junit-3.8.2.jar]
[10] INFO AstorMain - Running Astor on a JDK at /usr/lib/jvm/java-8-openjdk-amd64/jre
[22] INFO main - Source folders: [/workdir/Cardumen_vul4j_codehaus-plexus_plexus-utils_VUL4J-42/./src/main/java]
[22] INFO main - Source Test folders: [/workdir/Cardumen_vul4j_codehaus-plexus_plexus-utils_VUL4J-42/./src/test/java]
[2247] INFO AstorCoreEngine - ---- Creating spoon model
[2285] INFO MutationSupporter - Creating model,  Code location from working folder: /workdir/Cardumen_vul4j_codehaus-plexus_plexus-utils_VUL4J-42/./src/main/java
[2286] INFO MutationSupporter - building model: /workdir/Cardumen_vul4j_codehaus-plexus_plexus-utils_VUL4J-42/./src/main/java, compliance level: 7
[2319] INFO MutationSupporter - Classpath (Dependencies) for building SpoonModel: [/root/.m2/repository/junit/junit/3.8.2/junit-3.8.2.jar]
[17292] INFO AstorCoreEngine - Number of CtTypes created: 83
[18090] INFO AstorCoreEngine - Test retrieved from classes: 0
[18402] INFO AstorCoreEngine - Setting up the max to 3110 milliseconds (3 sec)
[18402] INFO AstorCoreEngine - ---- Initial suspicious size: 17
[20066] INFO main - Total suspicious from FL: 17,  48
[20066] INFO main - Total ModPoint created: 48
[20066] INFO main - Creating program variant #1, [Variant id: 1, #gens: 48, #ops: 0, parent:-]
[20067] INFO main - Run previously failing tests...
[37463] INFO main - Failed tests: 12
[37464] INFO AstorCoreEngine - The original fitness is : 12.0
[57320] INFO ExpressionTypeIngredientSpace - Ingredient search space info : number keys 57 , number values 244 
[57320] WARN ConfigurationProperties - ----------------------------
[57320] INFO ConfigurationProperties - ---Configuration properties
[57321] INFO ConfigurationProperties - p:lastJUnitVersion= ./examples/libs/junit-4.11.jar
[57321] INFO ConfigurationProperties - p:alternativecompliancelevel= 8
[57321] INFO ConfigurationProperties - p:ignoredTestCases= 
[57321] INFO ConfigurationProperties - p:workingDirectory= /workdir/Cardumen_vul4j_codehaus-plexus_plexus-utils_VUL4J-42/./output_astor
[57321] INFO ConfigurationProperties - p:manipulatesuper= false
[57321] INFO ConfigurationProperties - p:validation= externalcmd
[57321] INFO ConfigurationProperties - p:jvm4testexecution= /usr/lib/jvm/jdk1.7.0_80/bin
[57321] INFO ConfigurationProperties - p:operatorspace= r-expression
[57321] INFO ConfigurationProperties - p:diffcontext= 0
[57321] INFO ConfigurationProperties - p:binjavafolder= target/classes
[57321] INFO ConfigurationProperties - p:synthesis_depth= 3
[57321] INFO ConfigurationProperties - p:gzoltartestpackagetoexclude= junit.framework
[57321] INFO ConfigurationProperties - p:skipfitnessinitialpopulation= false
[57321] INFO ConfigurationProperties - p:evosuiteresultfolder= evosuite
[57321] INFO ConfigurationProperties - p:flthreshold= 0.1
[57322] INFO ConfigurationProperties - p:regressionforfaultlocalization= true
[57322] INFO ConfigurationProperties - p:collectonlyusedmethod= false
[57322] INFO ConfigurationProperties - p:preservelinenumbers= true
[57322] INFO ConfigurationProperties - p:tmax2= 3110
[57322] INFO ConfigurationProperties - p:ingredienttransformstrategy= name-probability-based
[57322] INFO ConfigurationProperties - p:tmax1= 10000
[57322] INFO ConfigurationProperties - p:probagenmutation= false
[57322] INFO ConfigurationProperties - p:nomodificationconvergence= 100
[57322] INFO ConfigurationProperties - p:diff_type= relative
[57322] INFO ConfigurationProperties - p:targetelementprocessor= expression
[57322] INFO ConfigurationProperties - p:srctestfolder= src/test/java
[57322] INFO ConfigurationProperties - p:forceExecuteRegression= false
[57322] INFO ConfigurationProperties - p:clusteringfilename= clustering.csv
[57322] INFO ConfigurationProperties - p:failing= org.codehaus.plexus.util.cli.CommandlineTest#testGetShellCommandLineBash:org.codehaus.plexus.util.cli.CommandlineTest#testGetShellCommandLineBash_WithWorkingDirectory:org.codehaus.plexus.util.cli.CommandlineTest#testGetShellCommandLineNonWindows:org.codehaus.plexus.util.cli.CommandlineTest#testGetShellCommandLineBash_WithSingleQuotedArg:org.codehaus.plexus.util.cli.CommandlineTest#testPathWithShellExpansionStrings:org.codehaus.plexus.util.cli.shell.BourneShellTest#testQuoteWorkingDirectoryAndExecutable:org.codehaus.plexus.util.cli.shell.BourneShellTest#testQuoteWorkingDirectoryAndExecutable_WDPathWithSingleQuotes:org.codehaus.plexus.util.cli.shell.BourneShellTest#testQuoteWorkingDirectoryAndExecutable_WDPathWithSingleQuotes_BackslashFileSep:org.codehaus.plexus.util.cli.shell.BourneShellTest#testPreserveSingleQuotesOnArgument:org.codehaus.plexus.util.cli.shell.BourneShellTest#testEscapeSingleQuotesOnArgument:org.codehaus.plexus.util.cli.shell.BourneShellTest#testArgumentsWithsemicolon:org.codehaus.plexus.util.cli.shell.BourneShellTest#testBourneShellQuotingCharacters
[57322] INFO ConfigurationProperties - p:logtestexecution= false
[57322] INFO ConfigurationProperties - p:evo_buggy_class= true
[57322] INFO ConfigurationProperties - p:numberExecutions= 1
[57322] INFO ConfigurationProperties - p:maxnumbersolutions= 1000000
[57323] INFO ConfigurationProperties - p:evo_affected_by_op= true
[57323] INFO ConfigurationProperties - p:population= 1
[57323] INFO ConfigurationProperties - p:considerzerovaluesusp= false
[57323] INFO ConfigurationProperties - p:maxCombinationVariableLimit= true
[57323] INFO ConfigurationProperties - p:savesolution= true
[57323] INFO ConfigurationProperties - p:javacompliancelevel= 7
[57323] INFO ConfigurationProperties - p:x= x
[57323] INFO ConfigurationProperties - p:uniqueoptogen= false
[57324] INFO ConfigurationProperties - p:gzoltarpackagetonotinstrument= junit.framework
[57324] INFO ConfigurationProperties - p:projectIdentifier= codehaus-plexus_plexus-utils-VUL4J-42
[57324] INFO ConfigurationProperties - p:modificationpointnavigation= weight
[57324] INFO ConfigurationProperties - p:stopfirst= true
[57324] INFO ConfigurationProperties - p:multipointmodification= false
[57324] INFO ConfigurationProperties - p:elementsToMutate= 10
[57324] INFO ConfigurationProperties - p:jsonoutputname= astor_output
[57324] INFO ConfigurationProperties - p:evoDSE= false
[57324] INFO ConfigurationProperties - p:bintestfolder= target/test-classes
[57324] INFO ConfigurationProperties - p:testbystep= false
[57324] INFO ConfigurationProperties - p:version-location= ./math-version/
[57324] INFO ConfigurationProperties - p:reintroduce= PARENTS:ORIGINAL
[57324] INFO ConfigurationProperties - p:perfectdata= /script/../data/benchmarks/vul4j/perfectfl/VUL4J-42
[57324] INFO ConfigurationProperties - p:executorjar= ./lib/jtestex7.jar
[57324] INFO ConfigurationProperties - p:maxGeneration= 1000000
[57324] INFO ConfigurationProperties - p:max_synthesis_step= 10000
[57324] INFO ConfigurationProperties - p:projectinfocommand= com.github.tdurieux:project-config-maven-plugin:info
[57324] INFO ConfigurationProperties - p:maxVarCombination= 1000
[57324] INFO ConfigurationProperties - p:maxtime= 120
[57324] INFO ConfigurationProperties - p:evosuitejar= ./lib/evosuite-master-1.0.4-SNAPSHOT.jar
[57325] INFO ConfigurationProperties - p:jvmversion= 1.7.0_80
[57325] INFO ConfigurationProperties - p:commandTrunk= 50000
[57325] INFO ConfigurationProperties - p:faultlocalization= perfect
[57325] INFO ConfigurationProperties - p:resetmodel= true
[57325] INFO ConfigurationProperties - p:maxsuspcandidates= 1000
[57325] INFO ConfigurationProperties - p:mode= cardumen
[57325] INFO ConfigurationProperties - p:learningdir= 
[57325] INFO ConfigurationProperties - p:jvm4evosuitetestexecution= /usr/lib/jvm/jdk1.7.0_80/bin
[57325] INFO ConfigurationProperties - p:filterfaultlocalization= true
[57325] INFO ConfigurationProperties - p:mutationrate= 1 
[57325] INFO ConfigurationProperties - p:pathToMVNRepository= 
[57325] INFO ConfigurationProperties - p:resourcesfolder= /src/main/resources:/src/test/resources:
[57325] INFO ConfigurationProperties - p:timezone= America/Los_Angeles
[57325] INFO ConfigurationProperties - p:runjava7code= false
[57325] INFO ConfigurationProperties - p:testfailingcmd= mvn test -Dtest=org.codehaus.plexus.util.cli.CommandlineTest,org.codehaus.plexus.util.cli.shell.BourneShellTest -Dhttps.protocols=TLSv1.2 -Denforcer.skip=true -Dcheckstyle.skip=true -Dcobertura.skip=true -DskipITs=true -Drat.skip=true -Dlicense.skip=true -Dpmd.skip=true -Dfindbugs.skip=true -Dgpg.skip=true -Dskip.npm=true -Dskip.gulp=true -Dskip.bower=true -Danimal.sniffer.skip=true -V -B
[57325] INFO ConfigurationProperties - p:evoRunOnBuggyClass= true
[57325] INFO ConfigurationProperties - p:compiler= fr.inria.astor.core.manipulation.bytecode.compiler.SpoonClassCompiler
[57325] INFO ConfigurationProperties - p:limitbysuspicious= true
[57325] INFO ConfigurationProperties - p:logsattemps= true
[57325] INFO ConfigurationProperties - p:dependenciespath= /root/.m2/repository/junit/junit/3.8.2/junit-3.8.2.jar
[57325] INFO ConfigurationProperties - p:packageToInstrument= 
[57325] INFO ConfigurationProperties - p:skipfaultlocalization= false
[57326] INFO ConfigurationProperties - p:scope= local
[57326] INFO ConfigurationProperties - p:transformingredient= false
[57326] INFO ConfigurationProperties - p:fitnessfunction= fr.inria.astor.core.solutionsearch.population.TestCaseFitnessFunction
[57326] INFO ConfigurationProperties - p:maxnumvariablesperingredient= 10
[57326] INFO ConfigurationProperties - p:parsesourcefromoriginal= true
[57326] INFO ConfigurationProperties - p:pvariantfoldername= variant-
[57326] INFO ConfigurationProperties - p:savespoonmodelondisk= false
[57326] INFO ConfigurationProperties - p:srcjavafolder= src/main/java
[57326] INFO ConfigurationProperties - p:populationcontroller= fr.inria.astor.core.solutionsearch.population.TestCaseBasedFitnessPopulationController
[57326] INFO ConfigurationProperties - p:ignoreflakyinfl= false
[57326] INFO ConfigurationProperties - p:cleantemplates= true
[57326] INFO ConfigurationProperties - p:applyCrossover= false
[57326] INFO ConfigurationProperties - p:maxmodificationpoints= 1000
[57326] INFO ConfigurationProperties - p:duplicateingredientsinspace= false
[57326] INFO ConfigurationProperties - p:metid= 0
[57326] INFO ConfigurationProperties - p:continuewhenmodelfail= true
[57326] INFO ConfigurationProperties - p:saveall= false
[57326] INFO ConfigurationProperties - p:seed= 0
[57326] INFO ConfigurationProperties - p:savecompletepatched= true
[57326] INFO ConfigurationProperties - p:resetoperations= false
[57327] INFO ConfigurationProperties - p:keepcomments= false
[57327] INFO ConfigurationProperties - p:processoutputinfile= false
[57327] INFO ConfigurationProperties - p:location= .
[57327] INFO ConfigurationProperties - p:probabilistictransformation= true
[57327] INFO ConfigurationProperties - p:overridemaxtime= true
[57327] INFO ConfigurationProperties - p:ingredientstrategy= name-probability-based
[57327] INFO ConfigurationProperties - p:outputjsonresult= true
[57327] INFO ConfigurationProperties - p:allpoints= false
[57327] INFO ConfigurationProperties - p:antipattern= false
[57327] INFO ConfigurationProperties - p:bugId= 280
[57327] INFO ConfigurationProperties - p:evosuitetimeout= 120
[57327] INFO ConfigurationProperties - p:maxtimefactor= 10
[57327] INFO ConfigurationProperties - p:nrPlaceholders= 1
[57327] INFO ConfigurationProperties - p:testallcmd= mvn test -Dhttps.protocols=TLSv1.2 -Denforcer.skip=true -Dcheckstyle.skip=true -Dcobertura.skip=true -DskipITs=true -Drat.skip=true -Dlicense.skip=true -Dpmd.skip=true -Dfindbugs.skip=true -Dgpg.skip=true -Dskip.npm=true -Dskip.gulp=true -Dskip.bower=true -Danimal.sniffer.skip=true -V -B
[57327] INFO ConfigurationProperties - p:forcesubprocesskilling= false
[57327] INFO ConfigurationProperties - ----------------------------
[57327] INFO AstorCoreEngine - ----Starting Solution Search
[57344] WARN AstorCoreEngine - ----------Running generation: 1, population size: 1
[64449] INFO main - Run previously failing tests...
[82595] INFO main - Failed tests: 14
[82627] WARN AstorCoreEngine - ----------Running generation: 2, population size: 1
[83870] INFO main - Run previously failing tests...
[104619] INFO main - Failed tests: 12
[104625] WARN AstorCoreEngine - ----------Running generation: 3, population size: 1
[106115] INFO main - Run previously failing tests...
[130684] INFO main - Failed tests: 12
[130723] WARN AstorCoreEngine - ----------Running generation: 4, population size: 1
[131870] INFO main - Run previously failing tests...
[148045] INFO main - Failed tests: 19
[148051] WARN AstorCoreEngine - ----------Running generation: 5, population size: 1
[149577] INFO main - Run previously failing tests...
[167921] INFO main - Failed tests: 19
[167933] WARN AstorCoreEngine - ----------Running generation: 6, population size: 1
[169226] INFO main - Run previously failing tests...
[187676] INFO main - Failed tests: 13
[187684] WARN AstorCoreEngine - ----------Running generation: 7, population size: 1
[189521] INFO main - Run previously failing tests...
[209255] INFO main - Failed tests: 15
[209260] WARN AstorCoreEngine - ----------Running generation: 8, population size: 1
[210690] INFO main - Run previously failing tests...
[227827] INFO main - Failed tests: 14
[227830] WARN AstorCoreEngine - ----------Running generation: 9, population size: 1
[228369] INFO main - Run previously failing tests...
[248658] INFO main - Failed tests: 12
[248672] WARN AstorCoreEngine - ----------Running generation: 10, population size: 1
[249829] INFO main - Run previously failing tests...
[268669] INFO main - Failed tests: 19
[268679] WARN AstorCoreEngine - ----------Running generation: 11, population size: 1
[269410] INFO main - Run previously failing tests...
[290740] INFO main - Failed tests: 14
[290756] WARN AstorCoreEngine - ----------Running generation: 12, population size: 1
[291559] INFO main - Run previously failing tests...
[312592] INFO main - Failed tests: 12
[312607] WARN AstorCoreEngine - ----------Running generation: 13, population size: 1
[313575] INFO main - Run previously failing tests...
[334115] INFO main - Failed tests: 12
[334121] WARN AstorCoreEngine - ----------Running generation: 14, population size: 1
[335451] INFO main - Run previously failing tests...
[355932] INFO main - Failed tests: 14
[355946] WARN AstorCoreEngine - ----------Running generation: 15, population size: 1
[357029] INFO main - Run previously failing tests...
[376922] INFO main - Failed tests: 22
[376925] WARN AstorCoreEngine - ----------Running generation: 16, population size: 1
[377877] INFO main - Run previously failing tests...
[399188] INFO main - Failed tests: 12
[399202] WARN AstorCoreEngine - ----------Running generation: 17, population size: 1
[400675] INFO main - Run previously failing tests...
[420296] INFO main - Failed tests: 12
[420305] WARN AstorCoreEngine - ----------Running generation: 18, population size: 1
[421741] INFO main - Run previously failing tests...
[449562] INFO main - Failed tests: 14
[449578] WARN AstorCoreEngine - ----------Running generation: 19, population size: 1
[450895] INFO main - Run previously failing tests...
java.io.IOException: Stream closed
	at java.io.BufferedInputStream.getBufIfOpen(BufferedInputStream.java:170)
	at java.io.BufferedInputStream.read(BufferedInputStream.java:336)
	at sun.nio.cs.StreamDecoder.readBytes(StreamDecoder.java:284)
	at sun.nio.cs.StreamDecoder.implRead(StreamDecoder.java:326)
	at sun.nio.cs.StreamDecoder.read(StreamDecoder.java:178)
	at java.io.InputStreamReader.read(InputStreamReader.java:184)
	at java.io.BufferedReader.fill(BufferedReader.java:161)
	at java.io.BufferedReader.readLine(BufferedReader.java:324)
	at java.io.BufferedReader.readLine(BufferedReader.java:389)
	at fr.inria.astor.core.validation.StreamReaderThread.run(ExternalCmdValidator.java:180)
java.lang.IllegalStateException: Exception Occurred
	at fr.inria.astor.core.validation.ExternalCmdValidator.runShell(ExternalCmdValidator.java:142)
	at fr.inria.astor.core.validation.ExternalCmdValidator.runTests(ExternalCmdValidator.java:98)
	at fr.inria.astor.core.validation.ExternalCmdValidator.validate(ExternalCmdValidator.java:44)
	at fr.inria.astor.core.solutionsearch.AstorCoreEngine.validateInstance(AstorCoreEngine.java:522)
	at fr.inria.astor.core.solutionsearch.AstorCoreEngine.processCreatedVariant(AstorCoreEngine.java:443)
	at fr.inria.astor.core.solutionsearch.EvolutionarySearchEngine.processGenerations(EvolutionarySearchEngine.java:164)
	at fr.inria.astor.core.solutionsearch.EvolutionarySearchEngine.startEvolution(EvolutionarySearchEngine.java:70)
	at fr.inria.main.evolution.AstorMain.run(AstorMain.java:189)
	at fr.inria.main.evolution.AstorMain.execute(AstorMain.java:233)
	at fr.inria.main.evolution.AstorMain.main(AstorMain.java:204)
[472478] WARN AstorCoreEngine - ----------Running generation: 20, population size: 1
[473456] INFO main - Run previously failing tests...
[495147] INFO main - Failed tests: 12
[495153] WARN AstorCoreEngine - ----------Running generation: 21, population size: 1
[495728] WARN AstorCoreEngine - ----------Running generation: 22, population size: 1
[496554] INFO main - Run previously failing tests...
[515804] INFO main - Failed tests: 12
[515809] WARN AstorCoreEngine - ----------Running generation: 23, population size: 1
[516704] INFO main - Run previously failing tests...
[536240] INFO main - Failed tests: 14
[536250] WARN AstorCoreEngine - ----------Running generation: 24, population size: 1
[537405] INFO main - Run previously failing tests...
[558191] INFO main - Failed tests: 12
[558200] WARN AstorCoreEngine - ----------Running generation: 25, population size: 1
[558995] INFO main - Run previously failing tests...
[578324] INFO main - Failed tests: 18
[578338] WARN AstorCoreEngine - ----------Running generation: 26, population size: 1
[578923] INFO main - Run previously failing tests...
[597979] INFO main - Failed tests: 14
[597982] WARN AstorCoreEngine - ----------Running generation: 27, population size: 1
[598731] INFO main - Run previously failing tests...
[617296] INFO main - Failed tests: 12
[617315] WARN AstorCoreEngine - ----------Running generation: 28, population size: 1
[618404] INFO main - Run previously failing tests...
[638977] INFO main - Failed tests: 12
[638987] WARN AstorCoreEngine - ----------Running generation: 29, population size: 1
[640250] INFO main - Run previously failing tests...
[657876] INFO main - Failed tests: 14
[657879] WARN AstorCoreEngine - ----------Running generation: 30, population size: 1
[658625] INFO main - Run previously failing tests...
[678754] INFO main - Failed tests: 12
[678765] WARN AstorCoreEngine - ----------Running generation: 31, population size: 1
[679482] INFO main - Run previously failing tests...
[698462] INFO main - Failed tests: 22
[698467] WARN AstorCoreEngine - ----------Running generation: 32, population size: 1
[699388] INFO main - Run previously failing tests...
[721998] INFO main - Failed tests: 12
[722019] WARN AstorCoreEngine - ----------Running generation: 33, population size: 1
[722875] WARN AstorCoreEngine - ----------Running generation: 34, population size: 1
[723894] INFO main - Run previously failing tests...
[741369] INFO main - Failed tests: 15
[741373] WARN AstorCoreEngine - ----------Running generation: 35, population size: 1
[741926] INFO main - Run previously failing tests...
[760438] INFO main - Failed tests: 12
[760454] WARN AstorCoreEngine - ----------Running generation: 36, population size: 1
[761273] INFO main - Run previously failing tests...
[782145] INFO main - Failed tests: 12
[782155] WARN AstorCoreEngine - ----------Running generation: 37, population size: 1
[782806] INFO main - Run previously failing tests...
[802636] INFO main - Failed tests: 12
[802643] WARN AstorCoreEngine - ----------Running generation: 38, population size: 1
[803262] INFO main - Run previously failing tests...
[822532] INFO main - Failed tests: 12
[822540] WARN AstorCoreEngine - ----------Running generation: 39, population size: 1
[823013] INFO main - Run previously failing tests...
[842606] INFO main - Failed tests: 18
[842610] WARN AstorCoreEngine - ----------Running generation: 40, population size: 1
[843146] INFO main - Run previously failing tests...
[862499] INFO main - Failed tests: 12
[862508] WARN AstorCoreEngine - ----------Running generation: 41, population size: 1
[863208] INFO main - Run previously failing tests...
[883184] INFO main - Failed tests: 12
[883223] WARN AstorCoreEngine - ----------Running generation: 42, population size: 1
[884194] INFO main - Run previously failing tests...
[903831] INFO main - Failed tests: 18
[903845] WARN AstorCoreEngine - ----------Running generation: 43, population size: 1
[904828] INFO main - Run previously failing tests...
[926359] INFO main - Failed tests: 12
[926372] WARN AstorCoreEngine - ----------Running generation: 44, population size: 1
[927049] INFO main - Run previously failing tests...
[947693] INFO main - Failed tests: 12
[947710] WARN AstorCoreEngine - ----------Running generation: 45, population size: 1
[948613] INFO main - Run previously failing tests...
[965316] INFO main - Failed tests: 22
[965330] WARN AstorCoreEngine - ----------Running generation: 46, population size: 1
[966023] INFO main - Run previously failing tests...
[983515] INFO main - Failed tests: 19
[983518] WARN AstorCoreEngine - ----------Running generation: 47, population size: 1
[984156] INFO main - Run previously failing tests...
[1005675] INFO main - Failed tests: 15
[1005691] WARN AstorCoreEngine - ----------Running generation: 48, population size: 1
[1006761] INFO main - Run previously failing tests...
[1026016] INFO main - Failed tests: 15
[1026029] WARN AstorCoreEngine - ----------Running generation: 49, population size: 1
[1026700] INFO main - Run previously failing tests...
[1046707] INFO main - Failed tests: 12
[1046714] WARN AstorCoreEngine - ----------Running generation: 50, population size: 1
[1047474] WARN AstorCoreEngine - ----------Running generation: 51, population size: 1
[1048270] INFO main - Run previously failing tests...
[1072287] INFO main - Failed tests: 16
[1072306] WARN AstorCoreEngine - ----------Running generation: 52, population size: 1
[1073501] INFO main - Run previously failing tests...
[1095752] INFO main - Failed tests: 12
[1095768] WARN AstorCoreEngine - ----------Running generation: 53, population size: 1
[1097244] INFO main - Run previously failing tests...
[1118559] INFO main - Failed tests: 12
[1118591] WARN AstorCoreEngine - ----------Running generation: 54, population size: 1
[1119656] INFO main - Run previously failing tests...
[1140034] INFO main - Failed tests: 12
[1140046] WARN AstorCoreEngine - ----------Running generation: 55, population size: 1
[1140948] INFO main - Run previously failing tests...
[1161181] INFO main - Failed tests: 12
[1161185] WARN AstorCoreEngine - ----------Running generation: 56, population size: 1
[1161890] INFO main - Run previously failing tests...
[1186273] INFO main - Failed tests: 14
[1186282] WARN AstorCoreEngine - ----------Running generation: 57, population size: 1
[1187687] INFO main - Run previously failing tests...
[1212959] INFO main - Failed tests: 12
[1212970] WARN AstorCoreEngine - ----------Running generation: 58, population size: 1
[1213729] INFO main - Run previously failing tests...
[1238004] INFO main - Failed tests: 12
[1238019] WARN AstorCoreEngine - ----------Running generation: 59, population size: 1
[1238959] INFO main - Run previously failing tests...
[1264024] INFO main - Failed tests: 15
[1264040] WARN AstorCoreEngine - ----------Running generation: 60, population size: 1
[1264930] INFO main - Run previously failing tests...
[1283996] INFO main - Failed tests: 12
[1284014] WARN AstorCoreEngine - ----------Running generation: 61, population size: 1
[1284955] INFO main - Run previously failing tests...
[1305935] INFO main - Failed tests: 13
[1305950] WARN AstorCoreEngine - ----------Running generation: 62, population size: 1
[1307370] INFO main - Run previously failing tests...
[1330766] INFO main - Failed tests: 12
[1330796] WARN AstorCoreEngine - ----------Running generation: 63, population size: 1
[1331563] INFO main - Run previously failing tests...
[1353792] INFO main - Failed tests: 12
[1353809] WARN AstorCoreEngine - ----------Running generation: 64, population size: 1
[1354443] INFO main - Run previously failing tests...
[1378288] INFO main - Failed tests: 12
[1378292] WARN AstorCoreEngine - ----------Running generation: 65, population size: 1
[1379428] INFO main - Run previously failing tests...
[1403420] INFO main - Failed tests: 14
[1403435] WARN AstorCoreEngine - ----------Running generation: 66, population size: 1
[1404719] INFO main - Run previously failing tests...
[1427034] INFO main - Failed tests: 12
[1427052] WARN AstorCoreEngine - ----------Running generation: 67, population size: 1
[1428053] INFO main - Run previously failing tests...
[1453492] INFO main - Failed tests: 12
[1453504] WARN AstorCoreEngine - ----------Running generation: 68, population size: 1
[1454412] INFO main - Run previously failing tests...
[1475326] INFO main - Failed tests: 12
[1475332] WARN AstorCoreEngine - ----------Running generation: 69, population size: 1
[1476115] INFO main - Run previously failing tests...
[1498010] INFO main - Failed tests: 12
[1498021] WARN AstorCoreEngine - ----------Running generation: 70, population size: 1
[1498944] INFO main - Run previously failing tests...
[1521219] INFO main - Failed tests: 18
[1521249] WARN AstorCoreEngine - ----------Running generation: 71, population size: 1
[1521951] INFO main - Run previously failing tests...
[1547581] INFO main - Failed tests: 12
[1547607] WARN AstorCoreEngine - ----------Running generation: 72, population size: 1
[1548711] INFO main - Run previously failing tests...
[1577780] INFO main - Failed tests: 12
[1577790] WARN AstorCoreEngine - ----------Running generation: 73, population size: 1
[1578701] INFO main - Run previously failing tests...
[1599617] INFO main - Failed tests: 12
[1599631] WARN AstorCoreEngine - ----------Running generation: 74, population size: 1
[1600584] INFO main - Run previously failing tests...
[1621507] INFO main - Failed tests: 26
[1621519] WARN AstorCoreEngine - ----------Running generation: 75, population size: 1
[1622200] INFO main - Run previously failing tests...
[1646727] INFO main - Failed tests: 12
[1646755] WARN AstorCoreEngine - ----------Running generation: 76, population size: 1
[1648215] INFO main - Run previously failing tests...
[1672783] INFO main - Failed tests: 12
[1672809] WARN AstorCoreEngine - ----------Running generation: 77, population size: 1
[1673346] INFO main - Run previously failing tests...
[1693208] INFO main - Failed tests: 12
[1693213] WARN AstorCoreEngine - ----------Running generation: 78, population size: 1
[1694180] INFO main - Run previously failing tests...
[1717073] INFO main - Failed tests: 12
[1717087] WARN AstorCoreEngine - ----------Running generation: 79, population size: 1
[1717558] INFO main - Run previously failing tests...
[1747958] INFO main - Failed tests: 15
[1747986] WARN AstorCoreEngine - ----------Running generation: 80, population size: 1
[1749312] INFO main - Run previously failing tests...
[1770248] INFO main - Failed tests: 12
[1770269] WARN AstorCoreEngine - ----------Running generation: 81, population size: 1
[1771130] INFO main - Run previously failing tests...
[1793903] INFO main - Failed tests: 15
[1793908] WARN AstorCoreEngine - ----------Running generation: 82, population size: 1
[1794612] INFO main - Run previously failing tests...
[1816513] INFO main - Failed tests: 12
[1816523] WARN AstorCoreEngine - ----------Running generation: 83, population size: 1
[1817118] INFO main - Run previously failing tests...
[1840784] INFO main - Failed tests: 12
[1840796] WARN AstorCoreEngine - ----------Running generation: 84, population size: 1
[1841963] INFO main - Run previously failing tests...
[1870175] INFO main - Failed tests: 12
[1870199] WARN AstorCoreEngine - ----------Running generation: 85, population size: 1
[1871412] INFO main - Run previously failing tests...
[1893604] INFO main - Failed tests: 12
[1893622] WARN AstorCoreEngine - ----------Running generation: 86, population size: 1
[1894547] WARN AstorCoreEngine - ----------Running generation: 87, population size: 1
[1895460] INFO main - Run previously failing tests...
[1914152] INFO main - Failed tests: 12
[1914163] WARN AstorCoreEngine - ----------Running generation: 88, population size: 1
[1914936] INFO main - Run previously failing tests...
[1936380] INFO main - Failed tests: 14
[1936392] WARN AstorCoreEngine - ----------Running generation: 89, population size: 1
[1936805] INFO main - Run previously failing tests...
[1957842] INFO main - Failed tests: 22
[1957849] WARN AstorCoreEngine - ----------Running generation: 90, population size: 1
[1958718] INFO main - Run previously failing tests...
[1980247] INFO main - Failed tests: 12
[1980263] WARN AstorCoreEngine - ----------Running generation: 91, population size: 1
[1981301] INFO main - Run previously failing tests...
[2004503] INFO main - Failed tests: 12
[2004515] WARN AstorCoreEngine - ----------Running generation: 92, population size: 1
[2005098] INFO main - Run previously failing tests...
[2031100] INFO main - Failed tests: 23
[2031105] WARN AstorCoreEngine - ----------Running generation: 93, population size: 1
[2032447] INFO main - Run previously failing tests...
[2061178] INFO main - Failed tests: 18
[2061213] WARN AstorCoreEngine - ----------Running generation: 94, population size: 1
[2061884] INFO main - Run previously failing tests...
[2081864] INFO main - Failed tests: 12
[2081872] WARN AstorCoreEngine - ----------Running generation: 95, population size: 1
[2082606] INFO main - Run previously failing tests...
[2104614] INFO main - Failed tests: 22
[2104629] WARN AstorCoreEngine - ----------Running generation: 96, population size: 1
[2105387] INFO main - Run previously failing tests...
[2131766] INFO main - Failed tests: 12
[2131773] WARN AstorCoreEngine - ----------Running generation: 97, population size: 1
[2132720] INFO main - Run previously failing tests...
[2159765] INFO main - Failed tests: 12
[2159799] WARN AstorCoreEngine - ----------Running generation: 98, population size: 1
[2161325] INFO main - Run previously failing tests...
[2188672] INFO main - Failed tests: 12
[2188690] WARN AstorCoreEngine - ----------Running generation: 99, population size: 1
[2189074] INFO main - Run previously failing tests...
[2212275] INFO main - Failed tests: 12
[2212292] WARN AstorCoreEngine - ----------Running generation: 100, population size: 1
[2213552] INFO main - Run previously failing tests...
[2237750] INFO main - Failed tests: 12
[2237753] WARN AstorCoreEngine - ----------Running generation: 101, population size: 1
[2238778] INFO main - Run previously failing tests...
[2270945] INFO main - Failed tests: 19
[2270988] WARN AstorCoreEngine - ----------Running generation: 102, population size: 1
[2272277] INFO main - Run previously failing tests...
[2298810] INFO main - Failed tests: 12
[2298823] WARN AstorCoreEngine - ----------Running generation: 103, population size: 1
[2300288] INFO main - Run previously failing tests...
[2326333] INFO main - Failed tests: 12
[2326349] WARN AstorCoreEngine - ----------Running generation: 104, population size: 1
[2327856] INFO main - Run previously failing tests...
[2353244] INFO main - Failed tests: 12
[2353251] WARN AstorCoreEngine - ----------Running generation: 105, population size: 1
[2354340] INFO main - Run previously failing tests...
[2377789] INFO main - Failed tests: 12
[2377793] WARN AstorCoreEngine - ----------Running generation: 106, population size: 1
[2378525] INFO main - Run previously failing tests...
[2408471] INFO main - Failed tests: 12
[2408479] WARN AstorCoreEngine - ----------Running generation: 107, population size: 1
[2408812] WARN AstorCoreEngine - ----------Running generation: 108, population size: 1
[2409225] INFO main - Run previously failing tests...
[2432201] INFO main - Failed tests: 12
[2432223] WARN AstorCoreEngine - ----------Running generation: 109, population size: 1
[2434212] INFO main - Run previously failing tests...
[2460972] INFO main - Failed tests: 12
[2461066] WARN AstorCoreEngine - ----------Running generation: 110, population size: 1
[2462594] INFO main - Run previously failing tests...
[2489405] INFO main - Failed tests: 12
[2489420] WARN AstorCoreEngine - ----------Running generation: 111, population size: 1
[2490265] INFO main - Run previously failing tests...
[2520712] INFO main - Failed tests: 12
[2520724] WARN AstorCoreEngine - ----------Running generation: 112, population size: 1
[2521743] INFO main - Run previously failing tests...
[2544874] INFO main - Failed tests: 12
[2544881] WARN AstorCoreEngine - ----------Running generation: 113, population size: 1
[2546067] INFO main - Run previously failing tests...
[2580980] INFO main - Failed tests: 22
[2580985] WARN AstorCoreEngine - ----------Running generation: 114, population size: 1
[2581792] INFO main - Run previously failing tests...
[2605236] INFO main - Failed tests: 12
[2605241] WARN AstorCoreEngine - ----------Running generation: 115, population size: 1
[2605802] INFO main - Run previously failing tests...
[2626674] INFO main - Failed tests: 12
[2626688] WARN AstorCoreEngine - ----------Running generation: 116, population size: 1
[2627343] INFO main - Run previously failing tests...
[2651694] INFO main - Failed tests: 12
[2651709] WARN AstorCoreEngine - ----------Running generation: 117, population size: 1
[2652607] INFO main - Run previously failing tests...
[2675225] INFO main - Failed tests: 12
[2675239] WARN AstorCoreEngine - ----------Running generation: 118, population size: 1
[2676073] INFO main - Run previously failing tests...
[2698879] INFO main - Failed tests: 12
[2698885] WARN AstorCoreEngine - ----------Running generation: 119, population size: 1
[2700180] INFO main - Run previously failing tests...
[2730659] INFO main - Failed tests: 12
[2730666] WARN AstorCoreEngine - ----------Running generation: 120, population size: 1
[2731483] INFO main - Run previously failing tests...
[2755969] INFO main - Failed tests: 15
[2755993] WARN AstorCoreEngine - ----------Running generation: 121, population size: 1
[2757920] INFO main - Run previously failing tests...
[2783059] INFO main - Failed tests: 12
[2783067] WARN AstorCoreEngine - ----------Running generation: 122, population size: 1
[2783938] INFO main - Run previously failing tests...
[2811723] INFO main - Failed tests: 22
[2811744] WARN AstorCoreEngine - ----------Running generation: 123, population size: 1
[2812652] INFO main - Run previously failing tests...
[2833007] INFO main - Failed tests: 12
[2833021] WARN AstorCoreEngine - ----------Running generation: 124, population size: 1
[2834051] INFO main - Run previously failing tests...
[2854126] INFO main - Failed tests: 12
[2854133] WARN AstorCoreEngine - ----------Running generation: 125, population size: 1
[2854590] INFO main - Run previously failing tests...
[2880342] INFO main - Failed tests: 12
[2880365] WARN AstorCoreEngine - ----------Running generation: 126, population size: 1
[2881289] INFO main - Run previously failing tests...
[2909106] INFO main - Failed tests: 12
[2909117] WARN AstorCoreEngine - ----------Running generation: 127, population size: 1
[2910309] INFO main - Run previously failing tests...
[2938064] INFO main - Failed tests: 12
[2938083] WARN AstorCoreEngine - ----------Running generation: 128, population size: 1
[2938993] INFO main - Run previously failing tests...
[2962669] INFO main - Failed tests: 22
[2962723] WARN AstorCoreEngine - ----------Running generation: 129, population size: 1
[2963895] INFO main - Run previously failing tests...
[2987289] INFO main - Failed tests: 12
[2987294] WARN AstorCoreEngine - ----------Running generation: 130, population size: 1
[2988186] INFO main - Run previously failing tests...
[3009741] INFO main - Failed tests: 12
[3009753] WARN AstorCoreEngine - ----------Running generation: 131, population size: 1
[3010510] INFO main - Run previously failing tests...
[3031961] INFO main - Failed tests: 12
[3031965] WARN AstorCoreEngine - ----------Running generation: 132, population size: 1
[3032619] INFO main - Run previously failing tests...
[3053094] INFO main - Failed tests: 12
[3053112] WARN AstorCoreEngine - ----------Running generation: 133, population size: 1
[3053946] INFO main - Run previously failing tests...
[3077804] INFO main - Failed tests: 12
[3077828] WARN AstorCoreEngine - ----------Running generation: 134, population size: 1
[3078853] INFO main - Run previously failing tests...
[3103344] INFO main - Failed tests: 12
[3103362] WARN AstorCoreEngine - ----------Running generation: 135, population size: 1
[3104137] INFO main - Run previously failing tests...
[3127492] INFO main - Failed tests: 12
[3127498] WARN AstorCoreEngine - ----------Running generation: 136, population size: 1
[3128192] INFO main - Run previously failing tests...
[3146254] INFO main - Failed tests: 12
[3146269] WARN AstorCoreEngine - ----------Running generation: 137, population size: 1
[3147310] INFO main - Run previously failing tests...
[3175275] INFO main - Failed tests: 12
[3175296] WARN AstorCoreEngine - ----------Running generation: 138, population size: 1
[3175616] INFO main - Run previously failing tests...
[3200140] INFO main - Failed tests: 12
[3200148] WARN AstorCoreEngine - ----------Running generation: 139, population size: 1
[3201342] INFO main - Run previously failing tests...
[3232644] INFO main - Failed tests: 12
[3232653] WARN AstorCoreEngine - ----------Running generation: 140, population size: 1
[3233907] INFO main - Run previously failing tests...
[3259013] INFO main - Failed tests: 12
[3259021] WARN AstorCoreEngine - ----------Running generation: 141, population size: 1
[3259762] INFO main - Run previously failing tests...
[3277569] INFO main - Failed tests: 15
[3277578] WARN AstorCoreEngine - ----------Running generation: 142, population size: 1
[3278437] INFO main - Run previously failing tests...
[3300693] INFO main - Failed tests: 12
[3300703] WARN AstorCoreEngine - ----------Running generation: 143, population size: 1
[3301238] INFO main - Run previously failing tests...
[3323024] INFO main - Failed tests: 12
[3323030] WARN AstorCoreEngine - ----------Running generation: 144, population size: 1
[3323700] INFO main - Run previously failing tests...
[3348163] INFO main - Failed tests: 12
[3348166] WARN AstorCoreEngine - ----------Running generation: 145, population size: 1
[3348872] INFO main - Run previously failing tests...
[3371785] INFO main - Failed tests: 12
[3371799] WARN AstorCoreEngine - ----------Running generation: 146, population size: 1
[3372727] INFO main - Run previously failing tests...
[3395590] INFO main - Failed tests: 12
[3395593] WARN AstorCoreEngine - ----------Running generation: 147, population size: 1
[3396302] INFO main - Run previously failing tests...
[3420996] INFO main - Failed tests: 12
[3421033] WARN AstorCoreEngine - ----------Running generation: 148, population size: 1
[3421604] INFO main - Run previously failing tests...
[3447878] INFO main - Failed tests: 22
[3447889] WARN AstorCoreEngine - ----------Running generation: 149, population size: 1
[3449245] INFO main - Run previously failing tests...
[3473018] INFO main - Failed tests: 26
[3473026] WARN AstorCoreEngine - ----------Running generation: 150, population size: 1
[3473604] INFO main - Run previously failing tests...
[3498345] INFO main - Failed tests: 12
[3498377] WARN AstorCoreEngine - ----------Running generation: 151, population size: 1
[3499338] WARN AstorCoreEngine - ----------Running generation: 152, population size: 1
[3500022] INFO main - Run previously failing tests...
[3522932] INFO main - Failed tests: 15
[3522945] WARN AstorCoreEngine - ----------Running generation: 153, population size: 1
[3523824] INFO main - Run previously failing tests...
[3549674] INFO main - Failed tests: 12
[3549692] WARN AstorCoreEngine - ----------Running generation: 154, population size: 1
[3550531] INFO main - Run previously failing tests...
[3574124] INFO main - Failed tests: 12
[3574139] WARN AstorCoreEngine - ----------Running generation: 155, population size: 1
[3574831] INFO main - Run previously failing tests...
[3601096] INFO main - Failed tests: 12
[3601101] WARN AstorCoreEngine - ----------Running generation: 156, population size: 1
[3601615] INFO main - Run previously failing tests...
[3625968] INFO main - Failed tests: 12
[3625988] WARN AstorCoreEngine - ----------Running generation: 157, population size: 1
[3626886] INFO main - Run previously failing tests...
[3652996] INFO main - Failed tests: 12
[3653000] WARN AstorCoreEngine - ----------Running generation: 158, population size: 1
[3654254] INFO main - Run previously failing tests...
[3679233] INFO main - Failed tests: 22
[3679240] WARN AstorCoreEngine - ----------Running generation: 159, population size: 1
[3680238] INFO main - Run previously failing tests...
[3701129] INFO main - Failed tests: 12
[3701133] WARN AstorCoreEngine - ----------Running generation: 160, population size: 1
[3701621] INFO main - Run previously failing tests...
java.io.IOException: Stream closed
	at java.io.BufferedInputStream.getBufIfOpen(BufferedInputStream.java:170)
	at java.io.BufferedInputStream.read(BufferedInputStream.java:336)
	at sun.nio.cs.StreamDecoder.readBytes(StreamDecoder.java:284)
	at sun.nio.cs.StreamDecoder.implRead(StreamDecoder.java:326)
	at sun.nio.cs.StreamDecoder.read(StreamDecoder.java:178)
	at java.io.InputStreamReader.read(InputStreamReader.java:184)
	at java.io.BufferedReader.fill(BufferedReader.java:161)
	at java.io.BufferedReader.readLine(BufferedReader.java:324)
	at java.io.BufferedReader.readLine(BufferedReader.java:389)
	at fr.inria.astor.core.validation.StreamReaderThread.run(ExternalCmdValidator.java:180)
java.lang.IllegalStateException: Exception Occurred
	at fr.inria.astor.core.validation.ExternalCmdValidator.runShell(ExternalCmdValidator.java:142)
	at fr.inria.astor.core.validation.ExternalCmdValidator.runTests(ExternalCmdValidator.java:87)
	at fr.inria.astor.core.validation.ExternalCmdValidator.validate(ExternalCmdValidator.java:44)
	at fr.inria.astor.core.solutionsearch.AstorCoreEngine.validateInstance(AstorCoreEngine.java:522)
	at fr.inria.astor.core.solutionsearch.AstorCoreEngine.processCreatedVariant(AstorCoreEngine.java:443)
	at fr.inria.astor.core.solutionsearch.EvolutionarySearchEngine.processGenerations(EvolutionarySearchEngine.java:164)
	at fr.inria.astor.core.solutionsearch.EvolutionarySearchEngine.startEvolution(EvolutionarySearchEngine.java:70)
	at fr.inria.main.evolution.AstorMain.run(AstorMain.java:189)
	at fr.inria.main.evolution.AstorMain.execute(AstorMain.java:233)
	at fr.inria.main.evolution.AstorMain.main(AstorMain.java:204)
[3701923] WARN AstorCoreEngine - ----------Running generation: 161, population size: 1
[3702684] INFO main - Run previously failing tests...
[3726240] INFO main - Failed tests: 12
[3726260] WARN AstorCoreEngine - ----------Running generation: 162, population size: 1
[3727283] INFO main - Run previously failing tests...
[3754380] INFO main - Failed tests: 12
[3754383] WARN AstorCoreEngine - ----------Running generation: 163, population size: 1
[3754967] INFO main - Run previously failing tests...
[3775804] INFO main - Failed tests: 12
[3775810] WARN AstorCoreEngine - ----------Running generation: 164, population size: 1
[3777026] INFO main - Run previously failing tests...
[3798328] INFO main - Failed tests: 12
[3798343] WARN AstorCoreEngine - ----------Running generation: 165, population size: 1
[3799053] INFO main - Run previously failing tests...
[3821483] INFO main - Failed tests: 12
[3821488] WARN AstorCoreEngine - ----------Running generation: 166, population size: 1
[3822356] INFO main - Run previously failing tests...
[3841022] INFO main - Failed tests: 12
[3841103] WARN AstorCoreEngine - ----------Running generation: 167, population size: 1
[3842039] INFO main - Run previously failing tests...
[3865217] INFO main - Failed tests: 12
[3865230] WARN AstorCoreEngine - ----------Running generation: 168, population size: 1
[3866230] WARN AstorCoreEngine - ----------Running generation: 169, population size: 1
[3867235] INFO main - Run previously failing tests...
[3895064] INFO main - Failed tests: 12
[3895098] WARN AstorCoreEngine - ----------Running generation: 170, population size: 1
[3896158] INFO main - Run previously failing tests...
[3920343] INFO main - Failed tests: 12
[3920348] WARN AstorCoreEngine - ----------Running generation: 171, population size: 1
[3921283] INFO main - Run previously failing tests...
[3949297] INFO main - Failed tests: 12
[3949304] WARN AstorCoreEngine - ----------Running generation: 172, population size: 1
[3950488] INFO main - Run previously failing tests...
[3972799] INFO main - Failed tests: 22
[3972807] WARN AstorCoreEngine - ----------Running generation: 173, population size: 1
[3973962] INFO main - Run previously failing tests...
[3997733] INFO main - Failed tests: 12
[3997735] WARN AstorCoreEngine - ----------Running generation: 174, population size: 1
[3998477] INFO main - Run previously failing tests...
[4018022] INFO main - Failed tests: 12
[4018036] WARN AstorCoreEngine - ----------Running generation: 175, population size: 1
[4019139] INFO main - Run previously failing tests...
[4044566] INFO main - Failed tests: 12
[4044570] WARN AstorCoreEngine - ----------Running generation: 176, population size: 1
[4045344] INFO main - Run previously failing tests...
[4070153] INFO main - Failed tests: 12
[4070168] WARN AstorCoreEngine - ----------Running generation: 177, population size: 1
[4071103] INFO main - Run previously failing tests...
[4091908] INFO main - Failed tests: 12
[4091912] WARN AstorCoreEngine - ----------Running generation: 178, population size: 1
[4092734] INFO main - Run previously failing tests...
[4118482] INFO main - Failed tests: 12
[4118487] WARN AstorCoreEngine - ----------Running generation: 179, population size: 1
[4119069] INFO main - Run previously failing tests...
[4136010] INFO main - Failed tests: 22
[4136023] WARN AstorCoreEngine - ----------Running generation: 180, population size: 1
[4136568] INFO main - Run previously failing tests...
[4156903] INFO main - Failed tests: 22
[4156914] WARN AstorCoreEngine - ----------Running generation: 181, population size: 1
[4157485] INFO main - Run previously failing tests...
[4179095] INFO main - Failed tests: 12
[4179102] WARN AstorCoreEngine - ----------Running generation: 182, population size: 1
[4179940] INFO main - Run previously failing tests...
[11380988] INFO main - Failed tests: 7
[11380999] INFO AstorCoreEngine - 
 No more time for operating
[11381001] INFO AstorCoreEngine - Time Repair Loop (s): 11323.674
[11381001] INFO AstorCoreEngine - generationsexecuted: 182
[11381002] WARN AstorCoreEngine - ----SUMMARY_EXECUTION---
[11381002] WARN AstorCoreEngine - End Repair Search: NOT Found solution
[11381002] WARN AstorCoreEngine - Number suspicious:1
[11381002] INFO AstorCoreEngine - Total mod points: 48
[11381071] INFO ExpressionTypeIngredientSpace - Storing ing JSON at /workdir/Cardumen_vul4j_codehaus-plexus_plexus-utils_VUL4J-42/./output_astor/AstorMain-codehaus-plexus_plexus-utils-VUL4J-42//src/ingredients.json
[11381072] INFO IngredientStats - Storing ing JSON at /workdir/Cardumen_vul4j_codehaus-plexus_plexus-utils_VUL4J-42/./output_astor/AstorMain-codehaus-plexus_plexus-utils-VUL4J-42//ingredientSpaceSize.json
[11381072] INFO IngredientStats - ingredientSpaceSize:{"allAttempts":222,"space":[{"a":15,"v":5},{"a":8,"v":14},{"a":23,"v":4},{"a":16,"v":2},{"a":7,"v":8},{"a":22,"v":3},{"a":9,"v":13},{"a":21,"v":7},{"a":6,"v":11},{"a":1,"v":25},{"a":14,"v":5},{"a":24,"v":5},{"a":4,"v":12},{"a":19,"v":8},{"a":11,"v":10},{"a":18,"v":5},{"a":3,"v":18},{"a":12,"v":3},{"a":17,"v":2},{"a":2,"v":22},{"a":13,"v":5},{"a":20,"v":4},{"a":25,"v":10},{"a":10,"v":9},{"a":5,"v":12}]}
[11381072] INFO IngredientStats - Storing ing JSON at /workdir/Cardumen_vul4j_codehaus-plexus_plexus-utils_VUL4J-42/./output_astor/AstorMain-codehaus-plexus_plexus-utils-VUL4J-42//combinationsTemplatesingredientSpaceSize.json
[11381072] INFO IngredientStats - combinationsTemplatesingredientSpaceSize:{"allAttempts":826,"space":[{"a":2,"v":31},{"a":4,"v":21},{"a":9,"v":2},{"a":1,"v":543},{"a":3,"v":19},{"a":5,"v":20},{"a":0,"v":190}]}
[11381074] INFO AstorCoreEngine - 
 --SOLUTIONS DESCRIPTION--


Astor Output:

General stats:
EXECUTION_IDENTIFIER=codehaus-plexus_plexus-utils-VUL4J-42
TOTAL_TIME=11323.674
NR_GENERATIONS=182
NR_RIGHT_COMPILATIONS=175
NR_FAILLING_COMPILATIONS=7
NR_ERRONEOUS_VARIANCES=null
NR_FAILING_VALIDATION_PROCESS=null
OUTPUT_STATUS=TIME_OUT

Patch stats:

[11381085] INFO Stats - Storing ing JSON at /workdir/Cardumen_vul4j_codehaus-plexus_plexus-utils_VUL4J-42/./output_astor/AstorMain-codehaus-plexus_plexus-utils-VUL4J-42//astor_output.json
[11381085] INFO Stats - astor_output:
{"general":{"NR_RIGHT_COMPILATIONS":175,"NR_ERRONEOUS_VARIANCES":null,"EXECUTION_IDENTIFIER":"codehaus-plexus_plexus-utils-VUL4J-42","OUTPUT_STATUS":"TIME_OUT","NR_FAILLING_COMPILATIONS":7,"NR_GENERATIONS":182,"TOTAL_TIME":11323.674,"NR_FAILING_VALIDATION_PROCESS":null},"patches":[]}
[11381085] INFO AstorMain - Time Total(s): 11381.071
2115.63user 413.18system 3:09:42elapsed 22%CPU (0avgtext+0avgdata 1251500maxresident)k
1272inputs+139480outputs (3major+17513784minor)pagefaults 0swaps


Node: 9670332cfea8



Date: Fri Sep  9 05:13:23 EDT 2022

