cd /workdir/jKali_vul4j_resteasy_Resteasy_VUL4J-66;
export JAVA_TOOL_OPTIONS="-Dfile.encoding=UTF8 -Duser.language=en-US -Duser.country=US -Duser.language=en";
TZ="America/New_York"; export TZ;
export PATH="/usr/lib/jvm/java-8-openjdk-amd64/bin:$PATH";
export JAVA_HOME="/usr/lib/jvm/java-8-openjdk-amd64/bin";
time java -Xmx4g -Xms1g -XX:MaxPermSize=512m -cp /script/../libs/jtestex7.jar:/script/../repair_tools/astor.jar fr.inria.main.evolution.AstorMain \
	-mode jkali \
	-location . \
	-id resteasy_Resteasy-VUL4J-66 \
	-failing org.jboss.resteasy.test.mediatype.MediaTypeHeaderTest#testNewLineInHeaderValueIsRejected \
	-jvm4testexecution /usr/lib/jvm/java-8-openjdk-amd64/bin \
	-jvm4evosuitetestexecution /usr/lib/jvm/java-8-openjdk-amd64/bin \
	-maxgen 1000000 \
	-maxtime 120 \
	-stopfirst true \
	-seed 0 \
	-scope local \
	-population 1 \
	-javacompliancelevel 8 \
	-faultlocalization perfect \
    -perfectdata /script/../data/benchmarks/vul4j/perfectfl/VUL4J-66 \
    -validation externalcmd \
    -testfailingcmd "cd testsuitemvn test -Dtest=org.jboss.resteasy.test.mediatype.MediaTypeHeaderTest#testNewLineInHeaderValueIsRejected -Dhttps.protocols=TLSv1.2 -Denforcer.skip=true -Dcheckstyle.skip=true -Dcobertura.skip=true -DskipITs=true -Drat.skip=true -Dlicense.skip=true -Dpmd.skip=true -Dfindbugs.skip=true -Dgpg.skip=true -Dskip.npm=true -Dskip.gulp=true -Dskip.bower=true -Danimal.sniffer.skip=true -V -B" \
    -testallcmd "cd testsuitemvn test -Dhttps.protocols=TLSv1.2 -Denforcer.skip=true -Dcheckstyle.skip=true -Dcobertura.skip=true -DskipITs=true -Drat.skip=true -Dlicense.skip=true -Dpmd.skip=true -Dfindbugs.skip=true -Dgpg.skip=true -Dskip.npm=true -Dskip.gulp=true -Dskip.bower=true -Danimal.sniffer.skip=true -V -B"  \ \
	-srcjavafolder testsuite/unit-tests/../../resteasy-core/src/main/java \
	-srctestfolder testsuite/unit-tests/src/test/java \
	-binjavafolder testsuite/unit-tests/../../resteasy-core/target/classes \
	-bintestfolder testsuite/unit-tests/target/test-classes \
	-parameters x:x \
	-dependencies "";
	echo "\n\nNode: `hostname`\n";
	echo "\n\nDate: `date`\n";
Picked up JAVA_TOOL_OPTIONS: -Dfile.encoding=UTF8 -Duser.language=en-US -Duser.country=US -Duser.language=en
OpenJDK 64-Bit Server VM warning: ignoring option MaxPermSize=512m; support was removed in 8.0
[0] INFO ProjectConfiguration - Version of the JVM used: 1.8.0_342
[0] INFO main - Java version of the JDK used to run tests: 1.8.0_342
[0] INFO main - The compliance of the JVM is:  8
[3] INFO main - command line arguments: [-mode  jkali  -location  .  -id  resteasy_Resteasy-VUL4J-66  -failing  org.jboss.resteasy.test.mediatype.MediaTypeHeaderTest#testNewLineInHeaderValueIsRejected  -jvm4testexecution  /usr/lib/jvm/java-8-openjdk-amd64/bin  -jvm4evosuitetestexecution  /usr/lib/jvm/java-8-openjdk-amd64/bin  -maxgen  1000000  -maxtime  120  -stopfirst  true  -seed  0  -scope  local  -population  1  -javacompliancelevel  8  -faultlocalization  perfect  -perfectdata  /script/../data/benchmarks/vul4j/perfectfl/VUL4J-66  -validation  externalcmd  -testfailingcmd  cd testsuitemvn test -Dtest=org.jboss.resteasy.test.mediatype.MediaTypeHeaderTest#testNewLineInHeaderValueIsRejected -Dhttps.protocols=TLSv1.2 -Denforcer.skip=true -Dcheckstyle.skip=true -Dcobertura.skip=true -DskipITs=true -Drat.skip=true -Dlicense.skip=true -Dpmd.skip=true -Dfindbugs.skip=true -Dgpg.skip=true -Dskip.npm=true -Dskip.gulp=true -Dskip.bower=true -Danimal.sniffer.skip=true -V -B  -testallcmd  cd testsuitemvn test -Dhttps.protocols=TLSv1.2 -Denforcer.skip=true -Dcheckstyle.skip=true -Dcobertura.skip=true -DskipITs=true -Drat.skip=true -Dlicense.skip=true -Dpmd.skip=true -Dfindbugs.skip=true -Dgpg.skip=true -Dskip.npm=true -Dskip.gulp=true -Dskip.bower=true -Danimal.sniffer.skip=true -V -B     -srcjavafolder  testsuite/unit-tests/../../resteasy-core/src/main/java  -srctestfolder  testsuite/unit-tests/src/test/java  -binjavafolder  testsuite/unit-tests/../../resteasy-core/target/classes  -bintestfolder  testsuite/unit-tests/target/test-classes  -parameters  x:x  -dependencies  ]
[4] INFO AstorMain - Running Astor on a JDK at /usr/lib/jvm/java-8-openjdk-amd64/jre
[24] INFO main - Source folders: [/workdir/jKali_vul4j_resteasy_Resteasy_VUL4J-66/./testsuite/unit-tests/../../resteasy-core/src/main/java]
[26] INFO main - Source Test folders: [/workdir/jKali_vul4j_resteasy_Resteasy_VUL4J-66/./testsuite/unit-tests/src/test/java]
[2714] INFO AstorCoreEngine - ---- Creating spoon model
[2844] INFO MutationSupporter - Creating model,  Code location from working folder: /workdir/jKali_vul4j_resteasy_Resteasy_VUL4J-66/./testsuite/unit-tests/../../resteasy-core/src/main/java
[2844] INFO MutationSupporter - building model: /workdir/jKali_vul4j_resteasy_Resteasy_VUL4J-66/./testsuite/unit-tests/../../resteasy-core/src/main/java, compliance level: 8
[3118] INFO MutationSupporter - Classpath (Dependencies) for building SpoonModel: null
[33340] ERROR MutationSupporter - Problem compiling the model with compliance level 8
[33340] ERROR MutationSupporter - ParamConverterProvider cannot be resolved to a type at /workdir/jKali_vul4j_resteasy_Resteasy_VUL4J-66/resteasy-core/src/main/java/org/jboss/resteasy/plugins/providers/MultiValuedParamConverterProvider.java:33
spoon.compiler.ModelBuildingException: ParamConverterProvider cannot be resolved to a type at /workdir/jKali_vul4j_resteasy_Resteasy_VUL4J-66/resteasy-core/src/main/java/org/jboss/resteasy/plugins/providers/MultiValuedParamConverterProvider.java:33
	at spoon.support.compiler.jdt.JDTBasedSpoonCompiler.report(JDTBasedSpoonCompiler.java:649)
	at spoon.support.compiler.jdt.JDTBasedSpoonCompiler.reportProblems(JDTBasedSpoonCompiler.java:631)
	at spoon.support.compiler.jdt.JDTBasedSpoonCompiler.build(JDTBasedSpoonCompiler.java:118)
	at spoon.support.compiler.jdt.JDTBasedSpoonCompiler.build(JDTBasedSpoonCompiler.java:99)
	at fr.inria.astor.core.manipulation.MutationSupporter.buildModel(MutationSupporter.java:85)
	at fr.inria.astor.core.manipulation.MutationSupporter.buildSpoonModel(MutationSupporter.java:240)
	at fr.inria.astor.core.solutionsearch.AstorCoreEngine.initModel(AstorCoreEngine.java:775)
	at fr.inria.main.evolution.AstorMain.createEngine(AstorMain.java:113)
	at fr.inria.main.evolution.AstorMain.run(AstorMain.java:173)
	at fr.inria.main.evolution.AstorMain.execute(AstorMain.java:233)
	at fr.inria.main.evolution.AstorMain.main(AstorMain.java:204)
[33356] INFO MutationSupporter - Recompiling with compliance level 8
[33356] INFO MutationSupporter - building model: /workdir/jKali_vul4j_resteasy_Resteasy_VUL4J-66/./testsuite/unit-tests/../../resteasy-core/src/main/java, compliance level: 8
[33575] INFO MutationSupporter - Classpath (Dependencies) for building SpoonModel: null
spoon.compiler.ModelBuildingException: ParamConverterProvider cannot be resolved to a type at /workdir/jKali_vul4j_resteasy_Resteasy_VUL4J-66/resteasy-core/src/main/java/org/jboss/resteasy/plugins/providers/MultiValuedParamConverterProvider.java:33
	at spoon.support.compiler.jdt.JDTBasedSpoonCompiler.report(JDTBasedSpoonCompiler.java:649)
	at spoon.support.compiler.jdt.JDTBasedSpoonCompiler.reportProblems(JDTBasedSpoonCompiler.java:631)
	at spoon.support.compiler.jdt.JDTBasedSpoonCompiler.build(JDTBasedSpoonCompiler.java:118)
	at spoon.support.compiler.jdt.JDTBasedSpoonCompiler.build(JDTBasedSpoonCompiler.java:99)
	at fr.inria.astor.core.manipulation.MutationSupporter.buildModel(MutationSupporter.java:85)
	at fr.inria.astor.core.manipulation.MutationSupporter.buildSpoonModel(MutationSupporter.java:253)
	at fr.inria.astor.core.solutionsearch.AstorCoreEngine.initModel(AstorCoreEngine.java:775)
	at fr.inria.main.evolution.AstorMain.createEngine(AstorMain.java:113)
	at fr.inria.main.evolution.AstorMain.run(AstorMain.java:173)
	at fr.inria.main.evolution.AstorMain.execute(AstorMain.java:233)
	at fr.inria.main.evolution.AstorMain.main(AstorMain.java:204)
[48287] ERROR MutationSupporter - Error compiling: ParamConverterProvider cannot be resolved to a type at /workdir/jKali_vul4j_resteasy_Resteasy_VUL4J-66/resteasy-core/src/main/java/org/jboss/resteasy/plugins/providers/MultiValuedParamConverterProvider.java:33
[49467] ERROR MutationSupporter - Astor continues when model build fails. Classes created: 273
[49826] INFO AstorCoreEngine - Number of CtTypes created: 273
[50261] INFO AstorCoreEngine - Test retrieved from classes: 0
[50393] INFO AstorCoreEngine - Setting up the max to 1320 milliseconds (1 sec)
[50393] INFO AstorCoreEngine - ---- Initial suspicious size: 2
[50686] WARN Launcher - Cannot load class: javax.ws.rs.ext.RuntimeDelegate$HeaderDelegate with class loader sun.misc.Launcher$AppClassLoader@74a14482
[50752] WARN Launcher - Cannot load class: javax.ws.rs.ext.RuntimeDelegate$HeaderDelegate with class loader sun.misc.Launcher$AppClassLoader@74a14482
[50756] INFO main - Total suspicious from FL: 2,  0
[50756] INFO main - Total ModPoint created: 0
[50756] INFO main - Creating program variant #1, [Variant id: 1, #gens: 0, #ops: 0, parent:-]
[50756] ERROR AstorCoreEngine - [warning] Any modification point in variant
[50756] ERROR AstorCoreEngine - Variant with any gen
[50756] WARN ConfigurationProperties - ----------------------------
[50756] INFO ConfigurationProperties - ---Configuration properties
[50777] INFO ConfigurationProperties - p:lastJUnitVersion= ./examples/libs/junit-4.11.jar
[50777] INFO ConfigurationProperties - p:alternativecompliancelevel= 8
[50777] INFO ConfigurationProperties - p:ignoredTestCases= 
[50777] INFO ConfigurationProperties - p:workingDirectory= /workdir/jKali_vul4j_resteasy_Resteasy_VUL4J-66/./output_astor
[50777] INFO ConfigurationProperties - p:manipulatesuper= false
[50777] INFO ConfigurationProperties - p:validation= externalcmd
[50777] INFO ConfigurationProperties - p:jvm4testexecution= /usr/lib/jvm/java-8-openjdk-amd64/bin
[50777] INFO ConfigurationProperties - p:operatorspace= suppression
[50777] INFO ConfigurationProperties - p:diffcontext= 0
[50784] INFO ConfigurationProperties - p:binjavafolder= testsuite/unit-tests/../../resteasy-core/target/classes
[50784] INFO ConfigurationProperties - p:synthesis_depth= 3
[50784] INFO ConfigurationProperties - p:gzoltartestpackagetoexclude= junit.framework
[50784] INFO ConfigurationProperties - p:skipfitnessinitialpopulation= false
[50784] INFO ConfigurationProperties - p:evosuiteresultfolder= evosuite
[50784] INFO ConfigurationProperties - p:flthreshold= 0.1
[50784] INFO ConfigurationProperties - p:regressionforfaultlocalization= true
[50784] INFO ConfigurationProperties - p:collectonlyusedmethod= false
[50784] INFO ConfigurationProperties - p:preservelinenumbers= true
[50784] INFO ConfigurationProperties - p:tmax2= 1320
[50784] INFO ConfigurationProperties - p:tmax1= 10000
[50784] INFO ConfigurationProperties - p:probagenmutation= false
[50786] INFO ConfigurationProperties - p:nomodificationconvergence= 100
[50786] INFO ConfigurationProperties - p:diff_type= relative
[50786] INFO ConfigurationProperties - p:targetelementprocessor= statements
[50786] INFO ConfigurationProperties - p:srctestfolder= testsuite/unit-tests/src/test/java
[50786] INFO ConfigurationProperties - p:forceExecuteRegression= false
[50786] INFO ConfigurationProperties - p:clusteringfilename= clustering.csv
[50786] INFO ConfigurationProperties - p:failing= org.jboss.resteasy.test.mediatype.MediaTypeHeaderTest#testNewLineInHeaderValueIsRejected
[50786] INFO ConfigurationProperties - p:logtestexecution= false
[50786] INFO ConfigurationProperties - p:evo_buggy_class= true
[50786] INFO ConfigurationProperties - p:numberExecutions= 1
[50786] INFO ConfigurationProperties - p:maxnumbersolutions= 1000000
[50786] INFO ConfigurationProperties - p:evo_affected_by_op= true
[50787] INFO ConfigurationProperties - p:population= 1
[50787] INFO ConfigurationProperties - p:considerzerovaluesusp= false
[50787] INFO ConfigurationProperties - p:maxCombinationVariableLimit= false
[50787] INFO ConfigurationProperties - p:savesolution= true
[50787] INFO ConfigurationProperties - p:javacompliancelevel= 8
[50787] INFO ConfigurationProperties - p:x= x
[50787] INFO ConfigurationProperties - p:uniqueoptogen= false
[50788] INFO ConfigurationProperties - p:gzoltarpackagetonotinstrument= junit.framework
[50788] INFO ConfigurationProperties - p:projectIdentifier= resteasy_Resteasy-VUL4J-66
[50788] INFO ConfigurationProperties - p:modificationpointnavigation= weight
[50788] INFO ConfigurationProperties - p:stopfirst= true
[50788] INFO ConfigurationProperties - p:multipointmodification= false
[50788] INFO ConfigurationProperties - p:elementsToMutate= 10
[50788] INFO ConfigurationProperties - p:jsonoutputname= astor_output
[50788] INFO ConfigurationProperties - p:evoDSE= false
[50788] INFO ConfigurationProperties - p:bintestfolder= testsuite/unit-tests/target/test-classes
[50788] INFO ConfigurationProperties - p:testbystep= false
[50788] INFO ConfigurationProperties - p:version-location= ./math-version/
[50788] INFO ConfigurationProperties - p:reintroduce= PARENTS:ORIGINAL
[50788] INFO ConfigurationProperties - p:perfectdata= /script/../data/benchmarks/vul4j/perfectfl/VUL4J-66
[50788] INFO ConfigurationProperties - p:executorjar= ./lib/jtestex7.jar
[50789] INFO ConfigurationProperties - p:maxGeneration= 1000000
[50790] INFO ConfigurationProperties - p:max_synthesis_step= 10000
[50790] INFO ConfigurationProperties - p:projectinfocommand= com.github.tdurieux:project-config-maven-plugin:info
[50790] INFO ConfigurationProperties - p:maxVarCombination= 1000
[50790] INFO ConfigurationProperties - p:maxtime= 120
[50790] INFO ConfigurationProperties - p:evosuitejar= ./lib/evosuite-master-1.0.4-SNAPSHOT.jar
[50790] INFO ConfigurationProperties - p:jvmversion= 1.8.0_342
[50790] INFO ConfigurationProperties - p:commandTrunk= 50000
[50790] INFO ConfigurationProperties - p:faultlocalization= perfect
[50791] INFO ConfigurationProperties - p:resetmodel= true
[50791] INFO ConfigurationProperties - p:maxsuspcandidates= 1000
[50791] INFO ConfigurationProperties - p:mode= jkali
[50791] INFO ConfigurationProperties - p:learningdir= 
[50791] INFO ConfigurationProperties - p:jvm4evosuitetestexecution= /usr/lib/jvm/java-8-openjdk-amd64/bin
[50791] INFO ConfigurationProperties - p:filterfaultlocalization= true
[50791] INFO ConfigurationProperties - p:mutationrate= 1 
[50791] INFO ConfigurationProperties - p:pathToMVNRepository= 
[50791] INFO ConfigurationProperties - p:resourcesfolder= /src/main/resources:/src/test/resources:
[50791] INFO ConfigurationProperties - p:timezone= America/Los_Angeles
[50792] INFO ConfigurationProperties - p:runjava7code= false
[50792] INFO ConfigurationProperties - p:testfailingcmd= cd testsuitemvn test -Dtest=org.jboss.resteasy.test.mediatype.MediaTypeHeaderTest#testNewLineInHeaderValueIsRejected -Dhttps.protocols=TLSv1.2 -Denforcer.skip=true -Dcheckstyle.skip=true -Dcobertura.skip=true -DskipITs=true -Drat.skip=true -Dlicense.skip=true -Dpmd.skip=true -Dfindbugs.skip=true -Dgpg.skip=true -Dskip.npm=true -Dskip.gulp=true -Dskip.bower=true -Danimal.sniffer.skip=true -V -B
[50792] INFO ConfigurationProperties - p:evoRunOnBuggyClass= true
[50792] INFO ConfigurationProperties - p:compiler= fr.inria.astor.core.manipulation.bytecode.compiler.SpoonClassCompiler
[50792] INFO ConfigurationProperties - p:limitbysuspicious= true
[50792] INFO ConfigurationProperties - p:logsattemps= true
[50792] INFO ConfigurationProperties - p:dependenciespath= 
[50792] INFO ConfigurationProperties - p:packageToInstrument= 
[50792] INFO ConfigurationProperties - p:skipfaultlocalization= false
[50792] INFO ConfigurationProperties - p:scope= local
[50792] INFO ConfigurationProperties - p:transformingredient= false
[50792] INFO ConfigurationProperties - p:fitnessfunction= fr.inria.astor.core.solutionsearch.population.TestCaseFitnessFunction
[50792] INFO ConfigurationProperties - p:maxnumvariablesperingredient= 10
[50792] INFO ConfigurationProperties - p:parsesourcefromoriginal= true
[50792] INFO ConfigurationProperties - p:pvariantfoldername= variant-
[50792] INFO ConfigurationProperties - p:savespoonmodelondisk= false
[50792] INFO ConfigurationProperties - p:srcjavafolder= testsuite/unit-tests/../../resteasy-core/src/main/java
[50792] INFO ConfigurationProperties - p:populationcontroller= fr.inria.astor.core.solutionsearch.population.TestCaseBasedFitnessPopulationController
[50793] INFO ConfigurationProperties - p:ignoreflakyinfl= false
[50793] INFO ConfigurationProperties - p:cleantemplates= true
[50793] INFO ConfigurationProperties - p:applyCrossover= false
[50793] INFO ConfigurationProperties - p:maxmodificationpoints= 1000
[50793] INFO ConfigurationProperties - p:duplicateingredientsinspace= false
[50793] INFO ConfigurationProperties - p:metid= 0
[50794] INFO ConfigurationProperties - p:continuewhenmodelfail= true
[50794] INFO ConfigurationProperties - p:saveall= false
[50794] INFO ConfigurationProperties - p:seed= 0
[50794] INFO ConfigurationProperties - p:savecompletepatched= true
[50794] INFO ConfigurationProperties - p:resetoperations= false
[50794] INFO ConfigurationProperties - p:keepcomments= false
[50795] INFO ConfigurationProperties - p:processoutputinfile= false
[50795] INFO ConfigurationProperties - p:location= .
[50795] INFO ConfigurationProperties - p:probabilistictransformation= true
[50795] INFO ConfigurationProperties - p:overridemaxtime= true
[50795] INFO ConfigurationProperties - p:outputjsonresult= true
[50795] INFO ConfigurationProperties - p:allpoints= false
[50795] INFO ConfigurationProperties - p:antipattern= false
[50795] INFO ConfigurationProperties - p:bugId= 280
[50795] INFO ConfigurationProperties - p:evosuitetimeout= 120
[50795] INFO ConfigurationProperties - p:maxtimefactor= 10
[50795] INFO ConfigurationProperties - p:nrPlaceholders= 1
[50795] INFO ConfigurationProperties - p:testallcmd= cd testsuitemvn test -Dhttps.protocols=TLSv1.2 -Denforcer.skip=true -Dcheckstyle.skip=true -Dcobertura.skip=true -DskipITs=true -Drat.skip=true -Dlicense.skip=true -Dpmd.skip=true -Dfindbugs.skip=true -Dgpg.skip=true -Dskip.npm=true -Dskip.gulp=true -Dskip.bower=true -Danimal.sniffer.skip=true -V -B
[50795] INFO ConfigurationProperties - p:forcesubprocesskilling= false
[50795] INFO ConfigurationProperties - ----------------------------
[50800] INFO AstorCoreEngine - Time Repair Loop (s): 0.001
[50801] INFO AstorCoreEngine - generationsexecuted: 1
[50801] WARN AstorCoreEngine - ----SUMMARY_EXECUTION---
[50802] WARN AstorCoreEngine - End Repair Search: NOT Found solution
[50802] WARN AstorCoreEngine - Number suspicious:1
[50803] INFO AstorCoreEngine - 
 --SOLUTIONS DESCRIPTION--


Astor Output:

General stats:
EXECUTION_IDENTIFIER=resteasy_Resteasy-VUL4J-66
TOTAL_TIME=0.001
NR_GENERATIONS=null
NR_RIGHT_COMPILATIONS=null
NR_FAILLING_COMPILATIONS=null
NR_ERRONEOUS_VARIANCES=null
NR_FAILING_VALIDATION_PROCESS=null
OUTPUT_STATUS=EXHAUSTIVE_NAVIGATED

Patch stats:

[50815] INFO Stats - Storing ing JSON at /workdir/jKali_vul4j_resteasy_Resteasy_VUL4J-66/./output_astor/AstorMain-resteasy_Resteasy-VUL4J-66//astor_output.json
[50822] INFO Stats - astor_output:
{"general":{"NR_RIGHT_COMPILATIONS":null,"NR_ERRONEOUS_VARIANCES":null,"EXECUTION_IDENTIFIER":"resteasy_Resteasy-VUL4J-66","OUTPUT_STATUS":"EXHAUSTIVE_NAVIGATED","NR_FAILLING_COMPILATIONS":null,"NR_GENERATIONS":null,"TOTAL_TIME":0.001,"NR_FAILING_VALIDATION_PROCESS":null},"patches":[]}
[50823] INFO AstorMain - Time Total(s): 50.812
55.16user 3.99system 0:52.70elapsed 112%CPU (0avgtext+0avgdata 849792maxresident)k
64inputs+12808outputs (0major+236254minor)pagefaults 0swaps


Node: 9670332cfea8



Date: Thu Sep  8 22:45:07 EDT 2022

