cd /workdir/jGenProg_vul4j_FasterXML_jackson-dataformat-xml_VUL4J-46;
export JAVA_TOOL_OPTIONS="-Dfile.encoding=UTF8 -Duser.language=en-US -Duser.country=US -Duser.language=en";
TZ="America/New_York"; export TZ;
export PATH="/usr/lib/jvm/java-8-openjdk-amd64/bin:$PATH";
export JAVA_HOME="/usr/lib/jvm/java-8-openjdk-amd64/bin";
time java -Xmx4g -Xms1g -XX:MaxPermSize=512m -cp /script/../libs/jtestex7.jar:/script/../repair_tools/astor.jar fr.inria.main.evolution.AstorMain \
	-mode jgenprog \
	-location . \
	-id FasterXML_jackson-dataformat-xml-VUL4J-46 \
	-failing com.fasterxml.jackson.dataformat.xml.TestCVE_2016_3720#testCVE_2016_3720 \
	-jvm4testexecution /usr/lib/jvm/jdk1.7.0_80/bin \
	-jvm4evosuitetestexecution /usr/lib/jvm/jdk1.7.0_80/bin \
	-maxgen 1000000 \
	-maxtime 120 \
	-stopfirst true \
	-seed 0 \
	-scope local \
	-population 1 \
	-javacompliancelevel 7 \
	-faultlocalization perfect \
    -perfectdata /script/../data/benchmarks/vul4j/perfectfl/VUL4J-46 \
    -validation externalcmd \
    -testfailingcmd "mvn test -Dtest=com.fasterxml.jackson.dataformat.xml.TestCVE_2016_3720 -Dhttps.protocols=TLSv1.2 -Denforcer.skip=true -Dcheckstyle.skip=true -Dcobertura.skip=true -DskipITs=true -Drat.skip=true -Dlicense.skip=true -Dpmd.skip=true -Dfindbugs.skip=true -Dgpg.skip=true -Dskip.npm=true -Dskip.gulp=true -Dskip.bower=true -Danimal.sniffer.skip=true -V -B" \
    -testallcmd "mvn test -Dhttps.protocols=TLSv1.2 -Denforcer.skip=true -Dcheckstyle.skip=true -Dcobertura.skip=true -DskipITs=true -Drat.skip=true -Dlicense.skip=true -Dpmd.skip=true -Dfindbugs.skip=true -Dgpg.skip=true -Dskip.npm=true -Dskip.gulp=true -Dskip.bower=true -Danimal.sniffer.skip=true -V -B"  \ \
	-srcjavafolder src/main/java \
	-srctestfolder src/test/java \
	-binjavafolder target/classes \
	-bintestfolder target/test-classes \
	-parameters x:x \
	-dependencies /root/.m2/repository/com/fasterxml/jackson/module/jackson-module-jaxb-annotations/2.7.3/jackson-module-jaxb-annotations-2.7.3.jar:/root/.m2/repository/com/fasterxml/jackson/core/jackson-annotations/2.7.0/jackson-annotations-2.7.0.jar:/root/.m2/repository/com/fasterxml/jackson/core/jackson-databind/2.7.3/jackson-databind-2.7.3.jar:/root/.m2/repository/com/fasterxml/jackson/core/jackson-core/2.7.3/jackson-core-2.7.3.jar:/root/.m2/repository/org/codehaus/woodstox/stax2-api/3.1.4/stax2-api-3.1.4.jar:/root/.m2/repository/junit/junit/4.12/junit-4.12.jar:/root/.m2/repository/com/fasterxml/woodstox/woodstox-core/5.0.2/woodstox-core-5.0.2.jar:/root/.m2/repository/javax/xml/stream/stax-api/1.0-2/stax-api-1.0-2.jar:/root/.m2/repository/org/hamcrest/hamcrest-core/1.3/hamcrest-core-1.3.jar;
	echo "\n\nNode: `hostname`\n";
	echo "\n\nDate: `date`\n";
Picked up JAVA_TOOL_OPTIONS: -Dfile.encoding=UTF8 -Duser.language=en-US -Duser.country=US -Duser.language=en
OpenJDK 64-Bit Server VM warning: ignoring option MaxPermSize=512m; support was removed in 8.0
[0] INFO ProjectConfiguration - Version of the JVM used: 1.7.0_80
[1] INFO main - Java version of the JDK used to run tests: 1.7.0_80
[1] INFO main - The compliance of the JVM is:  7
[3] INFO main - command line arguments: [-mode  jgenprog  -location  .  -id  FasterXML_jackson-dataformat-xml-VUL4J-46  -failing  com.fasterxml.jackson.dataformat.xml.TestCVE_2016_3720#testCVE_2016_3720  -jvm4testexecution  /usr/lib/jvm/jdk1.7.0_80/bin  -jvm4evosuitetestexecution  /usr/lib/jvm/jdk1.7.0_80/bin  -maxgen  1000000  -maxtime  120  -stopfirst  true  -seed  0  -scope  local  -population  1  -javacompliancelevel  7  -faultlocalization  perfect  -perfectdata  /script/../data/benchmarks/vul4j/perfectfl/VUL4J-46  -validation  externalcmd  -testfailingcmd  mvn test -Dtest=com.fasterxml.jackson.dataformat.xml.TestCVE_2016_3720 -Dhttps.protocols=TLSv1.2 -Denforcer.skip=true -Dcheckstyle.skip=true -Dcobertura.skip=true -DskipITs=true -Drat.skip=true -Dlicense.skip=true -Dpmd.skip=true -Dfindbugs.skip=true -Dgpg.skip=true -Dskip.npm=true -Dskip.gulp=true -Dskip.bower=true -Danimal.sniffer.skip=true -V -B  -testallcmd  mvn test -Dhttps.protocols=TLSv1.2 -Denforcer.skip=true -Dcheckstyle.skip=true -Dcobertura.skip=true -DskipITs=true -Drat.skip=true -Dlicense.skip=true -Dpmd.skip=true -Dfindbugs.skip=true -Dgpg.skip=true -Dskip.npm=true -Dskip.gulp=true -Dskip.bower=true -Danimal.sniffer.skip=true -V -B     -srcjavafolder  src/main/java  -srctestfolder  src/test/java  -binjavafolder  target/classes  -bintestfolder  target/test-classes  -parameters  x:x  -dependencies  /root/.m2/repository/com/fasterxml/jackson/module/jackson-module-jaxb-annotations/2.7.3/jackson-module-jaxb-annotations-2.7.3.jar:/root/.m2/repository/com/fasterxml/jackson/core/jackson-annotations/2.7.0/jackson-annotations-2.7.0.jar:/root/.m2/repository/com/fasterxml/jackson/core/jackson-databind/2.7.3/jackson-databind-2.7.3.jar:/root/.m2/repository/com/fasterxml/jackson/core/jackson-core/2.7.3/jackson-core-2.7.3.jar:/root/.m2/repository/org/codehaus/woodstox/stax2-api/3.1.4/stax2-api-3.1.4.jar:/root/.m2/repository/junit/junit/4.12/junit-4.12.jar:/root/.m2/repository/com/fasterxml/woodstox/woodstox-core/5.0.2/woodstox-core-5.0.2.jar:/root/.m2/repository/javax/xml/stream/stax-api/1.0-2/stax-api-1.0-2.jar:/root/.m2/repository/org/hamcrest/hamcrest-core/1.3/hamcrest-core-1.3.jar]
[13] INFO AstorMain - Running Astor on a JDK at /usr/lib/jvm/java-8-openjdk-amd64/jre
[39] INFO main - Source folders: [/workdir/jGenProg_vul4j_FasterXML_jackson-dataformat-xml_VUL4J-46/./src/main/java]
[39] INFO main - Source Test folders: [/workdir/jGenProg_vul4j_FasterXML_jackson-dataformat-xml_VUL4J-46/./src/test/java]
[1454] INFO AstorCoreEngine - ---- Creating spoon model
[1489] INFO MutationSupporter - Creating model,  Code location from working folder: /workdir/jGenProg_vul4j_FasterXML_jackson-dataformat-xml_VUL4J-46/./src/main/java
[1489] INFO MutationSupporter - building model: /workdir/jGenProg_vul4j_FasterXML_jackson-dataformat-xml_VUL4J-46/./src/main/java, compliance level: 7
[1518] INFO MutationSupporter - Classpath (Dependencies) for building SpoonModel: [/root/.m2/repository/com/fasterxml/jackson/module/jackson-module-jaxb-annotations/2.7.3/jackson-module-jaxb-annotations-2.7.3.jar, /root/.m2/repository/com/fasterxml/jackson/core/jackson-annotations/2.7.0/jackson-annotations-2.7.0.jar, /root/.m2/repository/com/fasterxml/jackson/core/jackson-databind/2.7.3/jackson-databind-2.7.3.jar, /root/.m2/repository/com/fasterxml/jackson/core/jackson-core/2.7.3/jackson-core-2.7.3.jar, /root/.m2/repository/org/codehaus/woodstox/stax2-api/3.1.4/stax2-api-3.1.4.jar, /root/.m2/repository/junit/junit/4.12/junit-4.12.jar, /root/.m2/repository/com/fasterxml/woodstox/woodstox-core/5.0.2/woodstox-core-5.0.2.jar, /root/.m2/repository/javax/xml/stream/stax-api/1.0-2/stax-api-1.0-2.jar, /root/.m2/repository/org/hamcrest/hamcrest-core/1.3/hamcrest-core-1.3.jar]
[7915] ERROR MutationSupporter - Problem compiling the model with compliance level 7
[7916] ERROR MutationSupporter - PackageVersion cannot be resolved to a variable at /workdir/jGenProg_vul4j_FasterXML_jackson-dataformat-xml_VUL4J-46/src/main/java/com/fasterxml/jackson/dataformat/xml/JacksonXmlModule.java:50
spoon.compiler.ModelBuildingException: PackageVersion cannot be resolved to a variable at /workdir/jGenProg_vul4j_FasterXML_jackson-dataformat-xml_VUL4J-46/src/main/java/com/fasterxml/jackson/dataformat/xml/JacksonXmlModule.java:50
	at spoon.support.compiler.jdt.JDTBasedSpoonCompiler.report(JDTBasedSpoonCompiler.java:649)
	at spoon.support.compiler.jdt.JDTBasedSpoonCompiler.reportProblems(JDTBasedSpoonCompiler.java:631)
	at spoon.support.compiler.jdt.JDTBasedSpoonCompiler.build(JDTBasedSpoonCompiler.java:118)
	at spoon.support.compiler.jdt.JDTBasedSpoonCompiler.build(JDTBasedSpoonCompiler.java:99)
	at fr.inria.astor.core.manipulation.MutationSupporter.buildModel(MutationSupporter.java:85)
	at fr.inria.astor.core.manipulation.MutationSupporter.buildSpoonModel(MutationSupporter.java:240)
	at fr.inria.astor.core.solutionsearch.AstorCoreEngine.initModel(AstorCoreEngine.java:775)
	at fr.inria.main.evolution.AstorMain.createEngine(AstorMain.java:113)
	at fr.inria.main.evolution.AstorMain.run(AstorMain.java:173)
	at fr.inria.main.evolution.AstorMain.execute(AstorMain.java:233)
	at fr.inria.main.evolution.AstorMain.main(AstorMain.java:204)
[7917] INFO MutationSupporter - Recompiling with compliance level 8
[7917] INFO MutationSupporter - building model: /workdir/jGenProg_vul4j_FasterXML_jackson-dataformat-xml_VUL4J-46/./src/main/java, compliance level: 8
[7953] INFO MutationSupporter - Classpath (Dependencies) for building SpoonModel: [/root/.m2/repository/com/fasterxml/jackson/module/jackson-module-jaxb-annotations/2.7.3/jackson-module-jaxb-annotations-2.7.3.jar, /root/.m2/repository/com/fasterxml/jackson/core/jackson-annotations/2.7.0/jackson-annotations-2.7.0.jar, /root/.m2/repository/com/fasterxml/jackson/core/jackson-databind/2.7.3/jackson-databind-2.7.3.jar, /root/.m2/repository/com/fasterxml/jackson/core/jackson-core/2.7.3/jackson-core-2.7.3.jar, /root/.m2/repository/org/codehaus/woodstox/stax2-api/3.1.4/stax2-api-3.1.4.jar, /root/.m2/repository/junit/junit/4.12/junit-4.12.jar, /root/.m2/repository/com/fasterxml/woodstox/woodstox-core/5.0.2/woodstox-core-5.0.2.jar, /root/.m2/repository/javax/xml/stream/stax-api/1.0-2/stax-api-1.0-2.jar, /root/.m2/repository/org/hamcrest/hamcrest-core/1.3/hamcrest-core-1.3.jar]
spoon.compiler.ModelBuildingException: PackageVersion cannot be resolved to a variable at /workdir/jGenProg_vul4j_FasterXML_jackson-dataformat-xml_VUL4J-46/src/main/java/com/fasterxml/jackson/dataformat/xml/JacksonXmlModule.java:50
	at spoon.support.compiler.jdt.JDTBasedSpoonCompiler.report(JDTBasedSpoonCompiler.java:649)
	at spoon.support.compiler.jdt.JDTBasedSpoonCompiler.reportProblems(JDTBasedSpoonCompiler.java:631)
	at spoon.support.compiler.jdt.JDTBasedSpoonCompiler.build(JDTBasedSpoonCompiler.java:118)
	at spoon.support.compiler.jdt.JDTBasedSpoonCompiler.build(JDTBasedSpoonCompiler.java:99)
	at fr.inria.astor.core.manipulation.MutationSupporter.buildModel(MutationSupporter.java:85)
	at fr.inria.astor.core.manipulation.MutationSupporter.buildSpoonModel(MutationSupporter.java:253)
	at fr.inria.astor.core.solutionsearch.AstorCoreEngine.initModel(AstorCoreEngine.java:775)
	at fr.inria.main.evolution.AstorMain.createEngine(AstorMain.java:113)
	at fr.inria.main.evolution.AstorMain.run(AstorMain.java:173)
	at fr.inria.main.evolution.AstorMain.execute(AstorMain.java:233)
	at fr.inria.main.evolution.AstorMain.main(AstorMain.java:204)
[10327] ERROR MutationSupporter - Error compiling: PackageVersion cannot be resolved to a variable at /workdir/jGenProg_vul4j_FasterXML_jackson-dataformat-xml_VUL4J-46/src/main/java/com/fasterxml/jackson/dataformat/xml/JacksonXmlModule.java:50
[10569] ERROR MutationSupporter - Astor continues when model build fails. Classes created: 33
[10640] INFO AstorCoreEngine - Number of CtTypes created: 33
[10799] INFO AstorCoreEngine - Test retrieved from classes: 0
[10913] INFO AstorCoreEngine - Setting up the max to 1140 milliseconds (1 sec)
[10913] INFO AstorCoreEngine - ---- Initial suspicious size: 1
[11105] INFO main - Total suspicious from FL: 1,  1
[11105] INFO main - Total ModPoint created: 1
[11106] INFO main - Creating program variant #1, [Variant id: 1, #gens: 1, #ops: 0, parent:-]
[11106] INFO main - Run previously failing tests...
[33647] INFO main - Failed tests: 1
[33650] INFO AstorCoreEngine - The original fitness is : 1.0
[45589] WARN ConfigurationProperties - ----------------------------
[45590] INFO ConfigurationProperties - ---Configuration properties
[45590] INFO ConfigurationProperties - p:lastJUnitVersion= ./examples/libs/junit-4.11.jar
[45590] INFO ConfigurationProperties - p:alternativecompliancelevel= 8
[45590] INFO ConfigurationProperties - p:ignoredTestCases= 
[45590] INFO ConfigurationProperties - p:workingDirectory= /workdir/jGenProg_vul4j_FasterXML_jackson-dataformat-xml_VUL4J-46/./output_astor
[45590] INFO ConfigurationProperties - p:manipulatesuper= false
[45591] INFO ConfigurationProperties - p:validation= externalcmd
[45591] INFO ConfigurationProperties - p:jvm4testexecution= /usr/lib/jvm/jdk1.7.0_80/bin
[45591] INFO ConfigurationProperties - p:operatorspace= irr-statements
[45591] INFO ConfigurationProperties - p:diffcontext= 0
[45591] INFO ConfigurationProperties - p:binjavafolder= target/classes
[45591] INFO ConfigurationProperties - p:synthesis_depth= 3
[45606] INFO ConfigurationProperties - p:gzoltartestpackagetoexclude= junit.framework
[45606] INFO ConfigurationProperties - p:skipfitnessinitialpopulation= false
[45606] INFO ConfigurationProperties - p:evosuiteresultfolder= evosuite
[45606] INFO ConfigurationProperties - p:flthreshold= 0.1
[45606] INFO ConfigurationProperties - p:regressionforfaultlocalization= true
[45606] INFO ConfigurationProperties - p:collectonlyusedmethod= false
[45606] INFO ConfigurationProperties - p:preservelinenumbers= true
[45606] INFO ConfigurationProperties - p:tmax2= 1140
[45606] INFO ConfigurationProperties - p:tmax1= 10000
[45606] INFO ConfigurationProperties - p:probagenmutation= false
[45606] INFO ConfigurationProperties - p:nomodificationconvergence= 100
[45606] INFO ConfigurationProperties - p:diff_type= relative
[45606] INFO ConfigurationProperties - p:targetelementprocessor= statements
[45606] INFO ConfigurationProperties - p:srctestfolder= src/test/java
[45606] INFO ConfigurationProperties - p:forceExecuteRegression= false
[45606] INFO ConfigurationProperties - p:clusteringfilename= clustering.csv
[45607] INFO ConfigurationProperties - p:failing= com.fasterxml.jackson.dataformat.xml.TestCVE_2016_3720#testCVE_2016_3720
[45607] INFO ConfigurationProperties - p:logtestexecution= false
[45607] INFO ConfigurationProperties - p:evo_buggy_class= true
[45607] INFO ConfigurationProperties - p:numberExecutions= 1
[45607] INFO ConfigurationProperties - p:maxnumbersolutions= 1000000
[45607] INFO ConfigurationProperties - p:evo_affected_by_op= true
[45607] INFO ConfigurationProperties - p:population= 1
[45607] INFO ConfigurationProperties - p:considerzerovaluesusp= false
[45607] INFO ConfigurationProperties - p:maxCombinationVariableLimit= false
[45607] INFO ConfigurationProperties - p:savesolution= true
[45607] INFO ConfigurationProperties - p:javacompliancelevel= 7
[45607] INFO ConfigurationProperties - p:x= x
[45607] INFO ConfigurationProperties - p:uniqueoptogen= false
[45607] INFO ConfigurationProperties - p:gzoltarpackagetonotinstrument= junit.framework
[45607] INFO ConfigurationProperties - p:projectIdentifier= FasterXML_jackson-dataformat-xml-VUL4J-46
[45607] INFO ConfigurationProperties - p:modificationpointnavigation= weight
[45607] INFO ConfigurationProperties - p:stopfirst= true
[45607] INFO ConfigurationProperties - p:multipointmodification= false
[45607] INFO ConfigurationProperties - p:elementsToMutate= 10
[45607] INFO ConfigurationProperties - p:jsonoutputname= astor_output
[45607] INFO ConfigurationProperties - p:evoDSE= false
[45607] INFO ConfigurationProperties - p:bintestfolder= target/test-classes
[45607] INFO ConfigurationProperties - p:testbystep= false
[45608] INFO ConfigurationProperties - p:version-location= ./math-version/
[45608] INFO ConfigurationProperties - p:reintroduce= PARENTS:ORIGINAL
[45608] INFO ConfigurationProperties - p:perfectdata= /script/../data/benchmarks/vul4j/perfectfl/VUL4J-46
[45608] INFO ConfigurationProperties - p:executorjar= ./lib/jtestex7.jar
[45608] INFO ConfigurationProperties - p:maxGeneration= 1000000
[45608] INFO ConfigurationProperties - p:max_synthesis_step= 10000
[45608] INFO ConfigurationProperties - p:projectinfocommand= com.github.tdurieux:project-config-maven-plugin:info
[45608] INFO ConfigurationProperties - p:maxVarCombination= 1000
[45608] INFO ConfigurationProperties - p:maxtime= 120
[45608] INFO ConfigurationProperties - p:evosuitejar= ./lib/evosuite-master-1.0.4-SNAPSHOT.jar
[45608] INFO ConfigurationProperties - p:jvmversion= 1.7.0_80
[45608] INFO ConfigurationProperties - p:commandTrunk= 50000
[45608] INFO ConfigurationProperties - p:faultlocalization= perfect
[45608] INFO ConfigurationProperties - p:resetmodel= true
[45608] INFO ConfigurationProperties - p:maxsuspcandidates= 1000
[45608] INFO ConfigurationProperties - p:mode= jgenprog
[45608] INFO ConfigurationProperties - p:learningdir= 
[45608] INFO ConfigurationProperties - p:jvm4evosuitetestexecution= /usr/lib/jvm/jdk1.7.0_80/bin
[45608] INFO ConfigurationProperties - p:filterfaultlocalization= true
[45608] INFO ConfigurationProperties - p:mutationrate= 1 
[45609] INFO ConfigurationProperties - p:pathToMVNRepository= 
[45609] INFO ConfigurationProperties - p:resourcesfolder= /src/main/resources:/src/test/resources:
[45609] INFO ConfigurationProperties - p:timezone= America/Los_Angeles
[45609] INFO ConfigurationProperties - p:runjava7code= false
[45609] INFO ConfigurationProperties - p:testfailingcmd= mvn test -Dtest=com.fasterxml.jackson.dataformat.xml.TestCVE_2016_3720 -Dhttps.protocols=TLSv1.2 -Denforcer.skip=true -Dcheckstyle.skip=true -Dcobertura.skip=true -DskipITs=true -Drat.skip=true -Dlicense.skip=true -Dpmd.skip=true -Dfindbugs.skip=true -Dgpg.skip=true -Dskip.npm=true -Dskip.gulp=true -Dskip.bower=true -Danimal.sniffer.skip=true -V -B
[45609] INFO ConfigurationProperties - p:evoRunOnBuggyClass= true
[45609] INFO ConfigurationProperties - p:compiler= fr.inria.astor.core.manipulation.bytecode.compiler.SpoonClassCompiler
[45609] INFO ConfigurationProperties - p:limitbysuspicious= true
[45609] INFO ConfigurationProperties - p:logsattemps= true
[45609] INFO ConfigurationProperties - p:dependenciespath= /root/.m2/repository/com/fasterxml/jackson/module/jackson-module-jaxb-annotations/2.7.3/jackson-module-jaxb-annotations-2.7.3.jar:/root/.m2/repository/com/fasterxml/jackson/core/jackson-annotations/2.7.0/jackson-annotations-2.7.0.jar:/root/.m2/repository/com/fasterxml/jackson/core/jackson-databind/2.7.3/jackson-databind-2.7.3.jar:/root/.m2/repository/com/fasterxml/jackson/core/jackson-core/2.7.3/jackson-core-2.7.3.jar:/root/.m2/repository/org/codehaus/woodstox/stax2-api/3.1.4/stax2-api-3.1.4.jar:/root/.m2/repository/junit/junit/4.12/junit-4.12.jar:/root/.m2/repository/com/fasterxml/woodstox/woodstox-core/5.0.2/woodstox-core-5.0.2.jar:/root/.m2/repository/javax/xml/stream/stax-api/1.0-2/stax-api-1.0-2.jar:/root/.m2/repository/org/hamcrest/hamcrest-core/1.3/hamcrest-core-1.3.jar
[45609] INFO ConfigurationProperties - p:packageToInstrument= 
[45609] INFO ConfigurationProperties - p:skipfaultlocalization= false
[45609] INFO ConfigurationProperties - p:scope= local
[45609] INFO ConfigurationProperties - p:transformingredient= false
[45609] INFO ConfigurationProperties - p:fitnessfunction= fr.inria.astor.core.solutionsearch.population.TestCaseFitnessFunction
[45609] INFO ConfigurationProperties - p:maxnumvariablesperingredient= 10
[45609] INFO ConfigurationProperties - p:parsesourcefromoriginal= true
[45609] INFO ConfigurationProperties - p:pvariantfoldername= variant-
[45609] INFO ConfigurationProperties - p:savespoonmodelondisk= false
[45609] INFO ConfigurationProperties - p:srcjavafolder= src/main/java
[45610] INFO ConfigurationProperties - p:populationcontroller= fr.inria.astor.core.solutionsearch.population.TestCaseBasedFitnessPopulationController
[45610] INFO ConfigurationProperties - p:ignoreflakyinfl= false
[45610] INFO ConfigurationProperties - p:cleantemplates= true
[45610] INFO ConfigurationProperties - p:applyCrossover= false
[45610] INFO ConfigurationProperties - p:maxmodificationpoints= 1000
[45610] INFO ConfigurationProperties - p:duplicateingredientsinspace= false
[45610] INFO ConfigurationProperties - p:metid= 0
[45610] INFO ConfigurationProperties - p:continuewhenmodelfail= true
[45610] INFO ConfigurationProperties - p:saveall= false
[45610] INFO ConfigurationProperties - p:seed= 0
[45610] INFO ConfigurationProperties - p:savecompletepatched= true
[45610] INFO ConfigurationProperties - p:resetoperations= false
[45610] INFO ConfigurationProperties - p:keepcomments= false
[45610] INFO ConfigurationProperties - p:processoutputinfile= false
[45610] INFO ConfigurationProperties - p:location= .
[45610] INFO ConfigurationProperties - p:probabilistictransformation= true
[45610] INFO ConfigurationProperties - p:overridemaxtime= true
[45610] INFO ConfigurationProperties - p:outputjsonresult= true
[45610] INFO ConfigurationProperties - p:allpoints= false
[45611] INFO ConfigurationProperties - p:antipattern= false
[45612] INFO ConfigurationProperties - p:bugId= 280
[45612] INFO ConfigurationProperties - p:evosuitetimeout= 120
[45612] INFO ConfigurationProperties - p:maxtimefactor= 10
[45612] INFO ConfigurationProperties - p:nrPlaceholders= 1
[45612] INFO ConfigurationProperties - p:testallcmd= mvn test -Dhttps.protocols=TLSv1.2 -Denforcer.skip=true -Dcheckstyle.skip=true -Dcobertura.skip=true -DskipITs=true -Drat.skip=true -Dlicense.skip=true -Dpmd.skip=true -Dfindbugs.skip=true -Dgpg.skip=true -Dskip.npm=true -Dskip.gulp=true -Dskip.bower=true -Danimal.sniffer.skip=true -V -B
[45612] INFO ConfigurationProperties - p:forcesubprocesskilling= false
[45612] INFO ConfigurationProperties - ----------------------------
[45612] INFO AstorCoreEngine - ----Starting Solution Search
[45613] WARN AstorCoreEngine - ----------Running generation: 1, population size: 1
java.lang.IndexOutOfBoundsException: Index: 0, Size: 0
	at java.util.ArrayList.rangeCheck(ArrayList.java:659)
	at java.util.ArrayList.get(ArrayList.java:435)
	at fr.inria.astor.core.validation.ExternalCmdValidator.validate(ExternalCmdValidator.java:35)
	at fr.inria.astor.core.solutionsearch.AstorCoreEngine.validateInstance(AstorCoreEngine.java:522)
	at fr.inria.astor.core.solutionsearch.AstorCoreEngine.processCreatedVariant(AstorCoreEngine.java:443)
	at fr.inria.astor.core.solutionsearch.EvolutionarySearchEngine.processGenerations(EvolutionarySearchEngine.java:164)
	at fr.inria.astor.core.solutionsearch.EvolutionarySearchEngine.startEvolution(EvolutionarySearchEngine.java:70)
	at fr.inria.main.evolution.AstorMain.run(AstorMain.java:189)
	at fr.inria.main.evolution.AstorMain.execute(AstorMain.java:233)
	at fr.inria.main.evolution.AstorMain.main(AstorMain.java:204)
java.io.FileNotFoundException:  (No such file or directory)
	at java.io.FileOutputStream.open0(Native Method)
	at java.io.FileOutputStream.open(FileOutputStream.java:270)
	at java.io.FileOutputStream.<init>(FileOutputStream.java:213)
	at org.apache.commons.io.FileUtils.openOutputStream(FileUtils.java:360)
	at org.apache.commons.io.FileUtils.writeStringToFile(FileUtils.java:1981)
	at org.apache.commons.io.FileUtils.write(FileUtils.java:2107)
	at org.apache.commons.io.FileUtils.write(FileUtils.java:2076)
	at fr.inria.astor.core.validation.ExternalCmdValidator.validate(ExternalCmdValidator.java:75)
	at fr.inria.astor.core.solutionsearch.AstorCoreEngine.validateInstance(AstorCoreEngine.java:522)
	at fr.inria.astor.core.solutionsearch.AstorCoreEngine.processCreatedVariant(AstorCoreEngine.java:443)
	at fr.inria.astor.core.solutionsearch.EvolutionarySearchEngine.processGenerations(EvolutionarySearchEngine.java:164)
	at fr.inria.astor.core.solutionsearch.EvolutionarySearchEngine.startEvolution(EvolutionarySearchEngine.java:70)
	at fr.inria.main.evolution.AstorMain.run(AstorMain.java:189)
	at fr.inria.main.evolution.AstorMain.execute(AstorMain.java:233)
	at fr.inria.main.evolution.AstorMain.main(AstorMain.java:204)
[47774] WARN AstorCoreEngine - ----------Running generation: 2, population size: 1
[47913] WARN AstorCoreEngine - ----------Running generation: 3, population size: 1
[47954] WARN AstorCoreEngine - ----------Running generation: 4, population size: 1
[48749] INFO main - Run previously failing tests...
[67281] INFO main - Failed tests: 1
[67300] WARN AstorCoreEngine - ----------Running generation: 5, population size: 1
java.lang.IndexOutOfBoundsException: Index: 0, Size: 0
	at java.util.ArrayList.rangeCheck(ArrayList.java:659)
	at java.util.ArrayList.get(ArrayList.java:435)
	at fr.inria.astor.core.validation.ExternalCmdValidator.validate(ExternalCmdValidator.java:35)
	at fr.inria.astor.core.solutionsearch.AstorCoreEngine.validateInstance(AstorCoreEngine.java:522)
	at fr.inria.astor.core.solutionsearch.AstorCoreEngine.processCreatedVariant(AstorCoreEngine.java:443)
	at fr.inria.astor.core.solutionsearch.EvolutionarySearchEngine.processGenerations(EvolutionarySearchEngine.java:164)
	at fr.inria.astor.core.solutionsearch.EvolutionarySearchEngine.startEvolution(EvolutionarySearchEngine.java:70)
	at fr.inria.main.evolution.AstorMain.run(AstorMain.java:189)
	at fr.inria.main.evolution.AstorMain.execute(AstorMain.java:233)
	at fr.inria.main.evolution.AstorMain.main(AstorMain.java:204)
java.io.FileNotFoundException:  (No such file or directory)
	at java.io.FileOutputStream.open0(Native Method)
	at java.io.FileOutputStream.open(FileOutputStream.java:270)
	at java.io.FileOutputStream.<init>(FileOutputStream.java:213)
	at org.apache.commons.io.FileUtils.openOutputStream(FileUtils.java:360)
	at org.apache.commons.io.FileUtils.writeStringToFile(FileUtils.java:1981)
	at org.apache.commons.io.FileUtils.write(FileUtils.java:2107)
	at org.apache.commons.io.FileUtils.write(FileUtils.java:2076)
	at fr.inria.astor.core.validation.ExternalCmdValidator.validate(ExternalCmdValidator.java:75)
	at fr.inria.astor.core.solutionsearch.AstorCoreEngine.validateInstance(AstorCoreEngine.java:522)
	at fr.inria.astor.core.solutionsearch.AstorCoreEngine.processCreatedVariant(AstorCoreEngine.java:443)
	at fr.inria.astor.core.solutionsearch.EvolutionarySearchEngine.processGenerations(EvolutionarySearchEngine.java:164)
	at fr.inria.astor.core.solutionsearch.EvolutionarySearchEngine.startEvolution(EvolutionarySearchEngine.java:70)
	at fr.inria.main.evolution.AstorMain.run(AstorMain.java:189)
	at fr.inria.main.evolution.AstorMain.execute(AstorMain.java:233)
	at fr.inria.main.evolution.AstorMain.main(AstorMain.java:204)
[68202] WARN AstorCoreEngine - ----------Running generation: 6, population size: 1
[68257] WARN AstorCoreEngine - ----------Running generation: 7, population size: 1
java.lang.IndexOutOfBoundsException: Index: 0, Size: 0
	at java.util.ArrayList.rangeCheck(ArrayList.java:659)
	at java.util.ArrayList.get(ArrayList.java:435)
	at fr.inria.astor.core.validation.ExternalCmdValidator.validate(ExternalCmdValidator.java:35)
	at fr.inria.astor.core.solutionsearch.AstorCoreEngine.validateInstance(AstorCoreEngine.java:522)
	at fr.inria.astor.core.solutionsearch.AstorCoreEngine.processCreatedVariant(AstorCoreEngine.java:443)
	at fr.inria.astor.core.solutionsearch.EvolutionarySearchEngine.processGenerations(EvolutionarySearchEngine.java:164)
	at fr.inria.astor.core.solutionsearch.EvolutionarySearchEngine.startEvolution(EvolutionarySearchEngine.java:70)
	at fr.inria.main.evolution.AstorMain.run(AstorMain.java:189)
	at fr.inria.main.evolution.AstorMain.execute(AstorMain.java:233)
	at fr.inria.main.evolution.AstorMain.main(AstorMain.java:204)
java.io.FileNotFoundException:  (No such file or directory)
	at java.io.FileOutputStream.open0(Native Method)
	at java.io.FileOutputStream.open(FileOutputStream.java:270)
	at java.io.FileOutputStream.<init>(FileOutputStream.java:213)
	at org.apache.commons.io.FileUtils.openOutputStream(FileUtils.java:360)
	at org.apache.commons.io.FileUtils.writeStringToFile(FileUtils.java:1981)
	at org.apache.commons.io.FileUtils.write(FileUtils.java:2107)
	at org.apache.commons.io.FileUtils.write(FileUtils.java:2076)
	at fr.inria.astor.core.validation.ExternalCmdValidator.validate(ExternalCmdValidator.java:75)
	at fr.inria.astor.core.solutionsearch.AstorCoreEngine.validateInstance(AstorCoreEngine.java:522)
	at fr.inria.astor.core.solutionsearch.AstorCoreEngine.processCreatedVariant(AstorCoreEngine.java:443)
	at fr.inria.astor.core.solutionsearch.EvolutionarySearchEngine.processGenerations(EvolutionarySearchEngine.java:164)
	at fr.inria.astor.core.solutionsearch.EvolutionarySearchEngine.startEvolution(EvolutionarySearchEngine.java:70)
	at fr.inria.main.evolution.AstorMain.run(AstorMain.java:189)
	at fr.inria.main.evolution.AstorMain.execute(AstorMain.java:233)
	at fr.inria.main.evolution.AstorMain.main(AstorMain.java:204)
[68862] WARN AstorCoreEngine - ----------Running generation: 8, population size: 1
[68930] WARN AstorCoreEngine - ----------Running generation: 9, population size: 1
[68995] WARN AstorCoreEngine - ----------Running generation: 10, population size: 1
[69050] WARN AstorCoreEngine - ----------Running generation: 11, population size: 1
[69240] WARN AstorCoreEngine - ----------Running generation: 12, population size: 1
[69244] ERROR AstorCoreEngine - Error at generation 12
java.lang.NullPointerException
java.lang.NullPointerException
	at fr.inria.astor.core.manipulation.sourcecode.VariableResolver.changeShadowedVars(VariableResolver.java:759)
	at fr.inria.astor.core.solutionsearch.spaces.ingredients.transformations.NoIngredientTransformationWithCheck.transform(NoIngredientTransformationWithCheck.java:39)
	at fr.inria.astor.core.solutionsearch.spaces.operators.IngredientBasedOperator.createOperatorInstances(IngredientBasedOperator.java:35)
	at fr.inria.astor.core.ingredientbased.IngredientBasedEvolutionaryRepairApproachImpl.createOperatorInstanceForPoint(IngredientBasedEvolutionaryRepairApproachImpl.java:101)
	at fr.inria.astor.core.solutionsearch.EvolutionarySearchEngine.modifyProgramVariant(EvolutionarySearchEngine.java:275)
	at fr.inria.astor.core.solutionsearch.EvolutionarySearchEngine.createNewProgramVariant(EvolutionarySearchEngine.java:209)
	at fr.inria.astor.core.solutionsearch.EvolutionarySearchEngine.processGenerations(EvolutionarySearchEngine.java:148)
	at fr.inria.astor.core.solutionsearch.EvolutionarySearchEngine.startEvolution(EvolutionarySearchEngine.java:70)
	at fr.inria.main.evolution.AstorMain.run(AstorMain.java:189)
	at fr.inria.main.evolution.AstorMain.execute(AstorMain.java:233)
	at fr.inria.main.evolution.AstorMain.main(AstorMain.java:204)
[69246] INFO AstorCoreEngine - Time Repair Loop (s): 23.634
[69246] INFO AstorCoreEngine - generationsexecuted: 12
[69246] WARN AstorCoreEngine - ----SUMMARY_EXECUTION---
[69246] WARN AstorCoreEngine - End Repair Search: NOT Found solution
[69246] WARN AstorCoreEngine - Number suspicious:1
[69248] INFO AstorCoreEngine - 
 --SOLUTIONS DESCRIPTION--


Astor Output:

General stats:
EXECUTION_IDENTIFIER=FasterXML_jackson-dataformat-xml-VUL4J-46
TOTAL_TIME=23.634
NR_GENERATIONS=12
NR_RIGHT_COMPILATIONS=4
NR_FAILLING_COMPILATIONS=null
NR_ERRONEOUS_VARIANCES=null
NR_FAILING_VALIDATION_PROCESS=null
OUTPUT_STATUS=ERROR

Patch stats:

[69275] INFO Stats - Storing ing JSON at /workdir/jGenProg_vul4j_FasterXML_jackson-dataformat-xml_VUL4J-46/./output_astor/AstorMain-FasterXML_jackson-dataformat-xml-VUL4J-46//astor_output.json
[69276] INFO Stats - astor_output:
{"general":{"NR_RIGHT_COMPILATIONS":4,"NR_ERRONEOUS_VARIANCES":null,"EXECUTION_IDENTIFIER":"FasterXML_jackson-dataformat-xml-VUL4J-46","OUTPUT_STATUS":"ERROR","NR_FAILLING_COMPILATIONS":null,"NR_GENERATIONS":12,"TOTAL_TIME":23.634,"NR_FAILING_VALIDATION_PROCESS":null},"patches":[]}
[69276] INFO AstorMain - Time Total(s): 69.255
78.20user 9.45system 1:10.93elapsed 123%CPU (0avgtext+0avgdata 731272maxresident)k
1512inputs+5136outputs (2major+421979minor)pagefaults 0swaps


Node: 9670332cfea8



Date: Thu Sep  8 15:49:50 EDT 2022

