cd /workdir/jMutRepair_vul4j_FasterXML_jackson-dataformat-xml_VUL4J-46;
export JAVA_TOOL_OPTIONS="-Dfile.encoding=UTF8 -Duser.language=en-US -Duser.country=US -Duser.language=en";
TZ="America/New_York"; export TZ;
export PATH="/usr/lib/jvm/java-8-openjdk-amd64/bin:$PATH";
export JAVA_HOME="/usr/lib/jvm/java-8-openjdk-amd64/bin";
time java -Xmx4g -Xms1g -XX:MaxPermSize=512m -cp /script/../libs/jtestex7.jar:/script/../repair_tools/astor.jar fr.inria.main.evolution.AstorMain \
	-mode jMutRepair \
	-location . \
	-id FasterXML_jackson-dataformat-xml-VUL4J-46 \
	-failing com.fasterxml.jackson.dataformat.xml.TestCVE_2016_3720#testCVE_2016_3720 \
	-jvm4testexecution /usr/lib/jvm/jdk1.7.0_80/bin \
	-jvm4evosuitetestexecution /usr/lib/jvm/jdk1.7.0_80/bin \
	-maxgen 1000000 \
	-maxtime 120 \
	-stopfirst true \
	-seed 0 \
	-scope local \
	-population 1 \
	-javacompliancelevel 7 \
	-faultlocalization perfect \
    -perfectdata /script/../data/benchmarks/vul4j/perfectfl/VUL4J-46 \
    -validation externalcmd \
    -testfailingcmd "mvn test -Dtest=com.fasterxml.jackson.dataformat.xml.TestCVE_2016_3720 -Dhttps.protocols=TLSv1.2 -Denforcer.skip=true -Dcheckstyle.skip=true -Dcobertura.skip=true -DskipITs=true -Drat.skip=true -Dlicense.skip=true -Dpmd.skip=true -Dfindbugs.skip=true -Dgpg.skip=true -Dskip.npm=true -Dskip.gulp=true -Dskip.bower=true -Danimal.sniffer.skip=true -V -B" \
    -testallcmd "mvn test -Dhttps.protocols=TLSv1.2 -Denforcer.skip=true -Dcheckstyle.skip=true -Dcobertura.skip=true -DskipITs=true -Drat.skip=true -Dlicense.skip=true -Dpmd.skip=true -Dfindbugs.skip=true -Dgpg.skip=true -Dskip.npm=true -Dskip.gulp=true -Dskip.bower=true -Danimal.sniffer.skip=true -V -B"  \ \
	-srcjavafolder src/main/java \
	-srctestfolder src/test/java \
	-binjavafolder target/classes \
	-bintestfolder target/test-classes \
	-parameters x:x \
	-dependencies /root/.m2/repository/com/fasterxml/jackson/module/jackson-module-jaxb-annotations/2.7.3/jackson-module-jaxb-annotations-2.7.3.jar:/root/.m2/repository/com/fasterxml/jackson/core/jackson-annotations/2.7.0/jackson-annotations-2.7.0.jar:/root/.m2/repository/com/fasterxml/jackson/core/jackson-databind/2.7.3/jackson-databind-2.7.3.jar:/root/.m2/repository/com/fasterxml/jackson/core/jackson-core/2.7.3/jackson-core-2.7.3.jar:/root/.m2/repository/org/codehaus/woodstox/stax2-api/3.1.4/stax2-api-3.1.4.jar:/root/.m2/repository/junit/junit/4.12/junit-4.12.jar:/root/.m2/repository/com/fasterxml/woodstox/woodstox-core/5.0.2/woodstox-core-5.0.2.jar:/root/.m2/repository/javax/xml/stream/stax-api/1.0-2/stax-api-1.0-2.jar:/root/.m2/repository/org/hamcrest/hamcrest-core/1.3/hamcrest-core-1.3.jar;
	echo "\n\nNode: `hostname`\n";
	echo "\n\nDate: `date`\n";
Picked up JAVA_TOOL_OPTIONS: -Dfile.encoding=UTF8 -Duser.language=en-US -Duser.country=US -Duser.language=en
OpenJDK 64-Bit Server VM warning: ignoring option MaxPermSize=512m; support was removed in 8.0
[0] INFO ProjectConfiguration - Version of the JVM used: 1.7.0_80
[0] INFO main - Java version of the JDK used to run tests: 1.7.0_80
[2] INFO main - The compliance of the JVM is:  7
[6] INFO main - command line arguments: [-mode  jMutRepair  -location  .  -id  FasterXML_jackson-dataformat-xml-VUL4J-46  -failing  com.fasterxml.jackson.dataformat.xml.TestCVE_2016_3720#testCVE_2016_3720  -jvm4testexecution  /usr/lib/jvm/jdk1.7.0_80/bin  -jvm4evosuitetestexecution  /usr/lib/jvm/jdk1.7.0_80/bin  -maxgen  1000000  -maxtime  120  -stopfirst  true  -seed  0  -scope  local  -population  1  -javacompliancelevel  7  -faultlocalization  perfect  -perfectdata  /script/../data/benchmarks/vul4j/perfectfl/VUL4J-46  -validation  externalcmd  -testfailingcmd  mvn test -Dtest=com.fasterxml.jackson.dataformat.xml.TestCVE_2016_3720 -Dhttps.protocols=TLSv1.2 -Denforcer.skip=true -Dcheckstyle.skip=true -Dcobertura.skip=true -DskipITs=true -Drat.skip=true -Dlicense.skip=true -Dpmd.skip=true -Dfindbugs.skip=true -Dgpg.skip=true -Dskip.npm=true -Dskip.gulp=true -Dskip.bower=true -Danimal.sniffer.skip=true -V -B  -testallcmd  mvn test -Dhttps.protocols=TLSv1.2 -Denforcer.skip=true -Dcheckstyle.skip=true -Dcobertura.skip=true -DskipITs=true -Drat.skip=true -Dlicense.skip=true -Dpmd.skip=true -Dfindbugs.skip=true -Dgpg.skip=true -Dskip.npm=true -Dskip.gulp=true -Dskip.bower=true -Danimal.sniffer.skip=true -V -B     -srcjavafolder  src/main/java  -srctestfolder  src/test/java  -binjavafolder  target/classes  -bintestfolder  target/test-classes  -parameters  x:x  -dependencies  /root/.m2/repository/com/fasterxml/jackson/module/jackson-module-jaxb-annotations/2.7.3/jackson-module-jaxb-annotations-2.7.3.jar:/root/.m2/repository/com/fasterxml/jackson/core/jackson-annotations/2.7.0/jackson-annotations-2.7.0.jar:/root/.m2/repository/com/fasterxml/jackson/core/jackson-databind/2.7.3/jackson-databind-2.7.3.jar:/root/.m2/repository/com/fasterxml/jackson/core/jackson-core/2.7.3/jackson-core-2.7.3.jar:/root/.m2/repository/org/codehaus/woodstox/stax2-api/3.1.4/stax2-api-3.1.4.jar:/root/.m2/repository/junit/junit/4.12/junit-4.12.jar:/root/.m2/repository/com/fasterxml/woodstox/woodstox-core/5.0.2/woodstox-core-5.0.2.jar:/root/.m2/repository/javax/xml/stream/stax-api/1.0-2/stax-api-1.0-2.jar:/root/.m2/repository/org/hamcrest/hamcrest-core/1.3/hamcrest-core-1.3.jar]
[31] INFO AstorMain - Running Astor on a JDK at /usr/lib/jvm/java-8-openjdk-amd64/jre
[42] INFO main - Source folders: [/workdir/jMutRepair_vul4j_FasterXML_jackson-dataformat-xml_VUL4J-46/./src/main/java]
[43] INFO main - Source Test folders: [/workdir/jMutRepair_vul4j_FasterXML_jackson-dataformat-xml_VUL4J-46/./src/test/java]
[2010] INFO AstorCoreEngine - ---- Creating spoon model
[2059] INFO MutationSupporter - Creating model,  Code location from working folder: /workdir/jMutRepair_vul4j_FasterXML_jackson-dataformat-xml_VUL4J-46/./src/main/java
[2059] INFO MutationSupporter - building model: /workdir/jMutRepair_vul4j_FasterXML_jackson-dataformat-xml_VUL4J-46/./src/main/java, compliance level: 7
[2097] INFO MutationSupporter - Classpath (Dependencies) for building SpoonModel: [/root/.m2/repository/com/fasterxml/jackson/module/jackson-module-jaxb-annotations/2.7.3/jackson-module-jaxb-annotations-2.7.3.jar, /root/.m2/repository/com/fasterxml/jackson/core/jackson-annotations/2.7.0/jackson-annotations-2.7.0.jar, /root/.m2/repository/com/fasterxml/jackson/core/jackson-databind/2.7.3/jackson-databind-2.7.3.jar, /root/.m2/repository/com/fasterxml/jackson/core/jackson-core/2.7.3/jackson-core-2.7.3.jar, /root/.m2/repository/org/codehaus/woodstox/stax2-api/3.1.4/stax2-api-3.1.4.jar, /root/.m2/repository/junit/junit/4.12/junit-4.12.jar, /root/.m2/repository/com/fasterxml/woodstox/woodstox-core/5.0.2/woodstox-core-5.0.2.jar, /root/.m2/repository/javax/xml/stream/stax-api/1.0-2/stax-api-1.0-2.jar, /root/.m2/repository/org/hamcrest/hamcrest-core/1.3/hamcrest-core-1.3.jar]
[11123] ERROR MutationSupporter - Problem compiling the model with compliance level 7
[11123] ERROR MutationSupporter - PackageVersion cannot be resolved to a variable at /workdir/jMutRepair_vul4j_FasterXML_jackson-dataformat-xml_VUL4J-46/src/main/java/com/fasterxml/jackson/dataformat/xml/JacksonXmlModule.java:50
spoon.compiler.ModelBuildingException: PackageVersion cannot be resolved to a variable at /workdir/jMutRepair_vul4j_FasterXML_jackson-dataformat-xml_VUL4J-46/src/main/java/com/fasterxml/jackson/dataformat/xml/JacksonXmlModule.java:50
	at spoon.support.compiler.jdt.JDTBasedSpoonCompiler.report(JDTBasedSpoonCompiler.java:649)
	at spoon.support.compiler.jdt.JDTBasedSpoonCompiler.reportProblems(JDTBasedSpoonCompiler.java:631)
	at spoon.support.compiler.jdt.JDTBasedSpoonCompiler.build(JDTBasedSpoonCompiler.java:118)
	at spoon.support.compiler.jdt.JDTBasedSpoonCompiler.build(JDTBasedSpoonCompiler.java:99)
	at fr.inria.astor.core.manipulation.MutationSupporter.buildModel(MutationSupporter.java:85)
	at fr.inria.astor.core.manipulation.MutationSupporter.buildSpoonModel(MutationSupporter.java:240)
	at fr.inria.astor.core.solutionsearch.AstorCoreEngine.initModel(AstorCoreEngine.java:775)
	at fr.inria.main.evolution.AstorMain.createEngine(AstorMain.java:113)
	at fr.inria.main.evolution.AstorMain.run(AstorMain.java:173)
	at fr.inria.main.evolution.AstorMain.execute(AstorMain.java:233)
	at fr.inria.main.evolution.AstorMain.main(AstorMain.java:204)
[11128] INFO MutationSupporter - Recompiling with compliance level 8
[11128] INFO MutationSupporter - building model: /workdir/jMutRepair_vul4j_FasterXML_jackson-dataformat-xml_VUL4J-46/./src/main/java, compliance level: 8
[11149] INFO MutationSupporter - Classpath (Dependencies) for building SpoonModel: [/root/.m2/repository/com/fasterxml/jackson/module/jackson-module-jaxb-annotations/2.7.3/jackson-module-jaxb-annotations-2.7.3.jar, /root/.m2/repository/com/fasterxml/jackson/core/jackson-annotations/2.7.0/jackson-annotations-2.7.0.jar, /root/.m2/repository/com/fasterxml/jackson/core/jackson-databind/2.7.3/jackson-databind-2.7.3.jar, /root/.m2/repository/com/fasterxml/jackson/core/jackson-core/2.7.3/jackson-core-2.7.3.jar, /root/.m2/repository/org/codehaus/woodstox/stax2-api/3.1.4/stax2-api-3.1.4.jar, /root/.m2/repository/junit/junit/4.12/junit-4.12.jar, /root/.m2/repository/com/fasterxml/woodstox/woodstox-core/5.0.2/woodstox-core-5.0.2.jar, /root/.m2/repository/javax/xml/stream/stax-api/1.0-2/stax-api-1.0-2.jar, /root/.m2/repository/org/hamcrest/hamcrest-core/1.3/hamcrest-core-1.3.jar]
spoon.compiler.ModelBuildingException: PackageVersion cannot be resolved to a variable at /workdir/jMutRepair_vul4j_FasterXML_jackson-dataformat-xml_VUL4J-46/src/main/java/com/fasterxml/jackson/dataformat/xml/JacksonXmlModule.java:50
	at spoon.support.compiler.jdt.JDTBasedSpoonCompiler.report(JDTBasedSpoonCompiler.java:649)
	at spoon.support.compiler.jdt.JDTBasedSpoonCompiler.reportProblems(JDTBasedSpoonCompiler.java:631)
	at spoon.support.compiler.jdt.JDTBasedSpoonCompiler.build(JDTBasedSpoonCompiler.java:118)
	at spoon.support.compiler.jdt.JDTBasedSpoonCompiler.build(JDTBasedSpoonCompiler.java:99)
	at fr.inria.astor.core.manipulation.MutationSupporter.buildModel(MutationSupporter.java:85)
	at fr.inria.astor.core.manipulation.MutationSupporter.buildSpoonModel(MutationSupporter.java:253)
	at fr.inria.astor.core.solutionsearch.AstorCoreEngine.initModel(AstorCoreEngine.java:775)
	at fr.inria.main.evolution.AstorMain.createEngine(AstorMain.java:113)
	at fr.inria.main.evolution.AstorMain.run(AstorMain.java:173)
	at fr.inria.main.evolution.AstorMain.execute(AstorMain.java:233)
	at fr.inria.main.evolution.AstorMain.main(AstorMain.java:204)
[15275] ERROR MutationSupporter - Error compiling: PackageVersion cannot be resolved to a variable at /workdir/jMutRepair_vul4j_FasterXML_jackson-dataformat-xml_VUL4J-46/src/main/java/com/fasterxml/jackson/dataformat/xml/JacksonXmlModule.java:50
[15499] ERROR MutationSupporter - Astor continues when model build fails. Classes created: 33
[15639] INFO AstorCoreEngine - Number of CtTypes created: 33
[15875] INFO AstorCoreEngine - Test retrieved from classes: 0
[16130] INFO AstorCoreEngine - Setting up the max to 2540 milliseconds (2 sec)
[16131] INFO AstorCoreEngine - ---- Initial suspicious size: 1
[17092] INFO main - Total suspicious from FL: 1,  0
[17092] INFO main - Total ModPoint created: 0
[17093] INFO main - Creating program variant #1, [Variant id: 1, #gens: 0, #ops: 0, parent:-]
[17093] ERROR AstorCoreEngine - [warning] Any modification point in variant
[17093] ERROR AstorCoreEngine - Variant with any gen
[17093] WARN ConfigurationProperties - ----------------------------
[17093] INFO ConfigurationProperties - ---Configuration properties
[17093] INFO ConfigurationProperties - p:lastJUnitVersion= ./examples/libs/junit-4.11.jar
[17093] INFO ConfigurationProperties - p:alternativecompliancelevel= 8
[17094] INFO ConfigurationProperties - p:ignoredTestCases= 
[17094] INFO ConfigurationProperties - p:workingDirectory= /workdir/jMutRepair_vul4j_FasterXML_jackson-dataformat-xml_VUL4J-46/./output_astor
[17094] INFO ConfigurationProperties - p:manipulatesuper= false
[17094] INFO ConfigurationProperties - p:validation= externalcmd
[17094] INFO ConfigurationProperties - p:jvm4testexecution= /usr/lib/jvm/jdk1.7.0_80/bin
[17094] INFO ConfigurationProperties - p:operatorspace= mutationspace
[17094] INFO ConfigurationProperties - p:diffcontext= 0
[17094] INFO ConfigurationProperties - p:binjavafolder= target/classes
[17094] INFO ConfigurationProperties - p:synthesis_depth= 3
[17094] INFO ConfigurationProperties - p:gzoltartestpackagetoexclude= junit.framework
[17094] INFO ConfigurationProperties - p:skipfitnessinitialpopulation= false
[17094] INFO ConfigurationProperties - p:evosuiteresultfolder= evosuite
[17094] INFO ConfigurationProperties - p:flthreshold= 0.1
[17094] INFO ConfigurationProperties - p:regressionforfaultlocalization= true
[17094] INFO ConfigurationProperties - p:collectonlyusedmethod= false
[17094] INFO ConfigurationProperties - p:preservelinenumbers= true
[17094] INFO ConfigurationProperties - p:tmax2= 2540
[17094] INFO ConfigurationProperties - p:tmax1= 10000
[17094] INFO ConfigurationProperties - p:probagenmutation= false
[17094] INFO ConfigurationProperties - p:nomodificationconvergence= 100
[17094] INFO ConfigurationProperties - p:diff_type= relative
[17103] INFO ConfigurationProperties - p:targetelementprocessor= if-conditions:return-op-mutation
[17103] INFO ConfigurationProperties - p:srctestfolder= src/test/java
[17103] INFO ConfigurationProperties - p:forceExecuteRegression= false
[17103] INFO ConfigurationProperties - p:clusteringfilename= clustering.csv
[17103] INFO ConfigurationProperties - p:failing= com.fasterxml.jackson.dataformat.xml.TestCVE_2016_3720#testCVE_2016_3720
[17111] INFO ConfigurationProperties - p:logtestexecution= false
[17111] INFO ConfigurationProperties - p:evo_buggy_class= true
[17111] INFO ConfigurationProperties - p:numberExecutions= 1
[17111] INFO ConfigurationProperties - p:maxnumbersolutions= 1000000
[17111] INFO ConfigurationProperties - p:evo_affected_by_op= true
[17111] INFO ConfigurationProperties - p:population= 1
[17111] INFO ConfigurationProperties - p:considerzerovaluesusp= false
[17112] INFO ConfigurationProperties - p:maxCombinationVariableLimit= false
[17112] INFO ConfigurationProperties - p:savesolution= true
[17112] INFO ConfigurationProperties - p:javacompliancelevel= 7
[17113] INFO ConfigurationProperties - p:x= x
[17113] INFO ConfigurationProperties - p:uniqueoptogen= false
[17113] INFO ConfigurationProperties - p:gzoltarpackagetonotinstrument= junit.framework
[17113] INFO ConfigurationProperties - p:projectIdentifier= FasterXML_jackson-dataformat-xml-VUL4J-46
[17113] INFO ConfigurationProperties - p:modificationpointnavigation= weight
[17113] INFO ConfigurationProperties - p:stopfirst= true
[17113] INFO ConfigurationProperties - p:multipointmodification= false
[17113] INFO ConfigurationProperties - p:elementsToMutate= 10
[17113] INFO ConfigurationProperties - p:jsonoutputname= astor_output
[17113] INFO ConfigurationProperties - p:evoDSE= false
[17113] INFO ConfigurationProperties - p:bintestfolder= target/test-classes
[17113] INFO ConfigurationProperties - p:testbystep= false
[17113] INFO ConfigurationProperties - p:version-location= ./math-version/
[17123] INFO ConfigurationProperties - p:reintroduce= PARENTS:ORIGINAL
[17123] INFO ConfigurationProperties - p:perfectdata= /script/../data/benchmarks/vul4j/perfectfl/VUL4J-46
[17123] INFO ConfigurationProperties - p:executorjar= ./lib/jtestex7.jar
[17123] INFO ConfigurationProperties - p:maxGeneration= 1000000
[17123] INFO ConfigurationProperties - p:max_synthesis_step= 10000
[17123] INFO ConfigurationProperties - p:projectinfocommand= com.github.tdurieux:project-config-maven-plugin:info
[17124] INFO ConfigurationProperties - p:maxVarCombination= 1000
[17125] INFO ConfigurationProperties - p:maxtime= 120
[17125] INFO ConfigurationProperties - p:evosuitejar= ./lib/evosuite-master-1.0.4-SNAPSHOT.jar
[17125] INFO ConfigurationProperties - p:jvmversion= 1.7.0_80
[17125] INFO ConfigurationProperties - p:commandTrunk= 50000
[17125] INFO ConfigurationProperties - p:faultlocalization= perfect
[17126] INFO ConfigurationProperties - p:resetmodel= true
[17126] INFO ConfigurationProperties - p:maxsuspcandidates= 1000
[17126] INFO ConfigurationProperties - p:mode= jMutRepair
[17126] INFO ConfigurationProperties - p:learningdir= 
[17126] INFO ConfigurationProperties - p:jvm4evosuitetestexecution= /usr/lib/jvm/jdk1.7.0_80/bin
[17126] INFO ConfigurationProperties - p:filterfaultlocalization= true
[17127] INFO ConfigurationProperties - p:mutationrate= 1 
[17127] INFO ConfigurationProperties - p:pathToMVNRepository= 
[17127] INFO ConfigurationProperties - p:resourcesfolder= /src/main/resources:/src/test/resources:
[17127] INFO ConfigurationProperties - p:timezone= America/Los_Angeles
[17127] INFO ConfigurationProperties - p:runjava7code= false
[17127] INFO ConfigurationProperties - p:testfailingcmd= mvn test -Dtest=com.fasterxml.jackson.dataformat.xml.TestCVE_2016_3720 -Dhttps.protocols=TLSv1.2 -Denforcer.skip=true -Dcheckstyle.skip=true -Dcobertura.skip=true -DskipITs=true -Drat.skip=true -Dlicense.skip=true -Dpmd.skip=true -Dfindbugs.skip=true -Dgpg.skip=true -Dskip.npm=true -Dskip.gulp=true -Dskip.bower=true -Danimal.sniffer.skip=true -V -B
[17127] INFO ConfigurationProperties - p:evoRunOnBuggyClass= true
[17127] INFO ConfigurationProperties - p:compiler= fr.inria.astor.core.manipulation.bytecode.compiler.SpoonClassCompiler
[17127] INFO ConfigurationProperties - p:limitbysuspicious= true
[17127] INFO ConfigurationProperties - p:logsattemps= true
[17127] INFO ConfigurationProperties - p:dependenciespath= /root/.m2/repository/com/fasterxml/jackson/module/jackson-module-jaxb-annotations/2.7.3/jackson-module-jaxb-annotations-2.7.3.jar:/root/.m2/repository/com/fasterxml/jackson/core/jackson-annotations/2.7.0/jackson-annotations-2.7.0.jar:/root/.m2/repository/com/fasterxml/jackson/core/jackson-databind/2.7.3/jackson-databind-2.7.3.jar:/root/.m2/repository/com/fasterxml/jackson/core/jackson-core/2.7.3/jackson-core-2.7.3.jar:/root/.m2/repository/org/codehaus/woodstox/stax2-api/3.1.4/stax2-api-3.1.4.jar:/root/.m2/repository/junit/junit/4.12/junit-4.12.jar:/root/.m2/repository/com/fasterxml/woodstox/woodstox-core/5.0.2/woodstox-core-5.0.2.jar:/root/.m2/repository/javax/xml/stream/stax-api/1.0-2/stax-api-1.0-2.jar:/root/.m2/repository/org/hamcrest/hamcrest-core/1.3/hamcrest-core-1.3.jar
[17127] INFO ConfigurationProperties - p:packageToInstrument= 
[17127] INFO ConfigurationProperties - p:skipfaultlocalization= false
[17127] INFO ConfigurationProperties - p:scope= local
[17128] INFO ConfigurationProperties - p:transformingredient= false
[17128] INFO ConfigurationProperties - p:fitnessfunction= fr.inria.astor.core.solutionsearch.population.TestCaseFitnessFunction
[17128] INFO ConfigurationProperties - p:maxnumvariablesperingredient= 10
[17128] INFO ConfigurationProperties - p:parsesourcefromoriginal= true
[17128] INFO ConfigurationProperties - p:pvariantfoldername= variant-
[17128] INFO ConfigurationProperties - p:savespoonmodelondisk= false
[17128] INFO ConfigurationProperties - p:srcjavafolder= src/main/java
[17128] INFO ConfigurationProperties - p:populationcontroller= fr.inria.astor.core.solutionsearch.population.TestCaseBasedFitnessPopulationController
[17129] INFO ConfigurationProperties - p:ignoreflakyinfl= false
[17129] INFO ConfigurationProperties - p:cleantemplates= true
[17129] INFO ConfigurationProperties - p:applyCrossover= false
[17129] INFO ConfigurationProperties - p:maxmodificationpoints= 1000
[17129] INFO ConfigurationProperties - p:duplicateingredientsinspace= false
[17129] INFO ConfigurationProperties - p:metid= 0
[17129] INFO ConfigurationProperties - p:continuewhenmodelfail= true
[17129] INFO ConfigurationProperties - p:saveall= false
[17130] INFO ConfigurationProperties - p:seed= 0
[17130] INFO ConfigurationProperties - p:savecompletepatched= true
[17130] INFO ConfigurationProperties - p:resetoperations= false
[17130] INFO ConfigurationProperties - p:keepcomments= false
[17130] INFO ConfigurationProperties - p:processoutputinfile= false
[17130] INFO ConfigurationProperties - p:location= .
[17130] INFO ConfigurationProperties - p:probabilistictransformation= true
[17130] INFO ConfigurationProperties - p:overridemaxtime= true
[17130] INFO ConfigurationProperties - p:outputjsonresult= true
[17130] INFO ConfigurationProperties - p:allpoints= false
[17130] INFO ConfigurationProperties - p:antipattern= false
[17131] INFO ConfigurationProperties - p:bugId= 280
[17131] INFO ConfigurationProperties - p:evosuitetimeout= 120
[17131] INFO ConfigurationProperties - p:maxtimefactor= 10
[17131] INFO ConfigurationProperties - p:nrPlaceholders= 1
[17131] INFO ConfigurationProperties - p:testallcmd= mvn test -Dhttps.protocols=TLSv1.2 -Denforcer.skip=true -Dcheckstyle.skip=true -Dcobertura.skip=true -DskipITs=true -Drat.skip=true -Dlicense.skip=true -Dpmd.skip=true -Dfindbugs.skip=true -Dgpg.skip=true -Dskip.npm=true -Dskip.gulp=true -Dskip.bower=true -Danimal.sniffer.skip=true -V -B
[17131] INFO ConfigurationProperties - p:forcesubprocesskilling= false
[17131] INFO ConfigurationProperties - ----------------------------
[17141] INFO AstorCoreEngine - Time Repair Loop (s): 0.001
[17142] INFO AstorCoreEngine - generationsexecuted: 1
[17142] WARN AstorCoreEngine - ----SUMMARY_EXECUTION---
[17142] WARN AstorCoreEngine - End Repair Search: NOT Found solution
[17143] WARN AstorCoreEngine - Number suspicious:1
[17144] INFO AstorCoreEngine - 
 --SOLUTIONS DESCRIPTION--


Astor Output:

General stats:
EXECUTION_IDENTIFIER=FasterXML_jackson-dataformat-xml-VUL4J-46
TOTAL_TIME=0.001
NR_GENERATIONS=null
NR_RIGHT_COMPILATIONS=null
NR_FAILLING_COMPILATIONS=null
NR_ERRONEOUS_VARIANCES=null
NR_FAILING_VALIDATION_PROCESS=null
OUTPUT_STATUS=EXHAUSTIVE_NAVIGATED

Patch stats:

[17174] INFO Stats - Storing ing JSON at /workdir/jMutRepair_vul4j_FasterXML_jackson-dataformat-xml_VUL4J-46/./output_astor/AstorMain-FasterXML_jackson-dataformat-xml-VUL4J-46//astor_output.json
[17174] INFO Stats - astor_output:
{"general":{"NR_RIGHT_COMPILATIONS":null,"NR_ERRONEOUS_VARIANCES":null,"EXECUTION_IDENTIFIER":"FasterXML_jackson-dataformat-xml-VUL4J-46","OUTPUT_STATUS":"EXHAUSTIVE_NAVIGATED","NR_FAILLING_COMPILATIONS":null,"NR_GENERATIONS":null,"TOTAL_TIME":0.001,"NR_FAILING_VALIDATION_PROCESS":null},"patches":[]}
[17174] INFO AstorMain - Time Total(s): 17.137
19.31user 2.01system 0:18.79elapsed 113%CPU (0avgtext+0avgdata 501608maxresident)k
120inputs+3256outputs (0major+132316minor)pagefaults 0swaps


Node: 9670332cfea8



Date: Fri Sep  9 06:35:25 EDT 2022

